<?xml version="1.0" encoding="UTF-8"?>
<testng-results skipped="0" failed="1" ignored="19" total="20" passed="0">
  <reporter-output>
  </reporter-output>
  <suite name="Default suite" duration-ms="108243" started-at="2020-01-16T17:45:36 SGT" finished-at="2020-01-16T17:47:24 SGT">
    <groups>
    </groups>
    <test name="Default test" duration-ms="108243" started-at="2020-01-16T17:45:36 SGT" finished-at="2020-01-16T17:47:24 SGT">
      <class name="bluAndroid.bluAndroid.TestScripts.CreateBookingTestRunner">
        <test-method status="PASS" signature="SetUp()[pri:0, instance:bluAndroid.bluAndroid.TestScripts.CreateBookingTestRunner@3ecd23d9]" name="SetUp" is-config="true" duration-ms="134" started-at="2020-01-16T17:45:36 SGT" finished-at="2020-01-16T17:45:36 SGT">
          <reporter-output>
          </reporter-output>
        </test-method> <!-- SetUp -->
        <test-method status="PASS" signature="preCondition()[pri:0, instance:bluAndroid.bluAndroid.TestScripts.CreateBookingTestRunner@3ecd23d9]" name="preCondition" is-config="true" duration-ms="43326" started-at="2020-01-16T17:45:36 SGT" finished-at="2020-01-16T17:46:19 SGT">
          <reporter-output>
          </reporter-output>
        </test-method> <!-- preCondition -->
        <test-method status="FAIL" signature="B_S09_TC03_EditDestinationBluHome()[pri:0, instance:bluAndroid.bluAndroid.TestScripts.CreateBookingTestRunner@3ecd23d9]" name="B_S09_TC03_EditDestinationBluHome" duration-ms="62979" started-at="2020-01-16T17:46:19 SGT" finished-at="2020-01-16T17:47:22 SGT">
          <exception class="java.lang.AssertionError">
            <message>
              <![CDATA[expected [Destination bluHome] but found []]]>
            </message>
            <full-stacktrace>
              <![CDATA[java.lang.AssertionError: expected [Destination bluHome] but found []
at org.testng.Assert.fail(Assert.java:97)
at org.testng.Assert.assertEqualsImpl(Assert.java:136)
at org.testng.Assert.assertEquals(Assert.java:118)
at org.testng.Assert.assertEquals(Assert.java:575)
at org.testng.Assert.assertEquals(Assert.java:585)
at bluAndroid.bluAndroid.TestScripts.CreateBookingTestRunner.B_S09_TC03_EditDestinationBluHome(CreateBookingTestRunner.java:796)
at sun.reflect.NativeMethodAccessorImpl.invoke0(Native Method)
at sun.reflect.NativeMethodAccessorImpl.invoke(Unknown Source)
at sun.reflect.DelegatingMethodAccessorImpl.invoke(Unknown Source)
at java.lang.reflect.Method.invoke(Unknown Source)
at org.testng.internal.MethodInvocationHelper.invokeMethod(MethodInvocationHelper.java:133)
at org.testng.internal.TestInvoker.invokeMethod(TestInvoker.java:584)
at org.testng.internal.TestInvoker.invokeTestMethod(TestInvoker.java:172)
at org.testng.internal.MethodRunner.runInSequence(MethodRunner.java:46)
at org.testng.internal.TestInvoker$MethodInvocationAgent.invoke(TestInvoker.java:804)
at org.testng.internal.TestInvoker.invokeTestMethods(TestInvoker.java:145)
at org.testng.internal.TestMethodWorker.invokeTestMethods(TestMethodWorker.java:146)
at org.testng.internal.TestMethodWorker.run(TestMethodWorker.java:128)
at java.util.ArrayList.forEach(Unknown Source)
at org.testng.TestRunner.privateRun(TestRunner.java:770)
at org.testng.TestRunner.run(TestRunner.java:591)
at org.testng.SuiteRunner.runTest(SuiteRunner.java:402)
at org.testng.SuiteRunner.runSequentially(SuiteRunner.java:396)
at org.testng.SuiteRunner.privateRun(SuiteRunner.java:355)
at org.testng.SuiteRunner.run(SuiteRunner.java:304)
at org.testng.SuiteRunnerWorker.runSuite(SuiteRunnerWorker.java:53)
at org.testng.SuiteRunnerWorker.run(SuiteRunnerWorker.java:96)
at org.testng.TestNG.runSuitesSequentially(TestNG.java:1180)
at org.testng.TestNG.runSuitesLocally(TestNG.java:1102)
at org.testng.TestNG.runSuites(TestNG.java:1032)
at org.testng.TestNG.run(TestNG.java:1000)
at org.testng.remote.AbstractRemoteTestNG.run(AbstractRemoteTestNG.java:115)
at org.testng.remote.RemoteTestNG.initAndRun(RemoteTestNG.java:251)
at org.testng.remote.RemoteTestNG.main(RemoteTestNG.java:77)
]]>
            </full-stacktrace>
          </exception> <!-- java.lang.AssertionError -->
          <reporter-output>
          </reporter-output>
        </test-method> <!-- B_S09_TC03_EditDestinationBluHome -->
        <test-method status="PASS" signature="getResult(org.testng.ITestResult)[pri:0, instance:bluAndroid.bluAndroid.TestScripts.CreateBookingTestRunner@3ecd23d9]" name="getResult" is-config="true" duration-ms="1896" started-at="2020-01-16T17:47:22 SGT" finished-at="2020-01-16T17:47:24 SGT">
          <params>
            <param index="0">
              <value>
                <![CDATA[[TestResult name=B_S09_TC03_EditDestinationBluHome status=FAILURE method=CreateBookingTestRunner.B_S09_TC03_EditDestinationBluHome()[pri:0, instance:bluAndroid.bluAndroid.TestScripts.CreateBookingTestRunner@3ecd23d9] output={null}]]]>
              </value>
            </param>
          </params>
          <reporter-output>
          </reporter-output>
        </test-method> <!-- getResult -->
        <test-method status="PASS" signature="tearDown()[pri:0, instance:bluAndroid.bluAndroid.TestScripts.CreateBookingTestRunner@3ecd23d9]" name="tearDown" is-config="true" duration-ms="467" started-at="2020-01-16T17:47:24 SGT" finished-at="2020-01-16T17:47:25 SGT">
          <reporter-output>
          </reporter-output>
        </test-method> <!-- tearDown -->
      </class> <!-- bluAndroid.bluAndroid.TestScripts.CreateBookingTestRunner -->
    </test> <!-- Default test -->
  </suite> <!-- Default suite -->
</testng-results>
