

<!DOCTYPE html>
<html>
<head>
	<meta charset='utf-8' /> 
	<meta name='description' content='' />
	<meta name='robots' content='noodp, noydir' />
	<meta name='viewport' content='width=device-width, initial-scale=1' />
	<meta id="timeStampFormat" name="timeStampFormat" content='MMM d, yyyy hh:mm:ss a'/>
	
	<link href='https://fonts.googleapis.com/css?family=Source+Sans+Pro:400,600' rel='stylesheet' type='text/css' />
	<link href="https://fonts.googleapis.com/icon?family=Material+Icons" rel="stylesheet" />
	<link href='https://cdn.rawgit.com/extent-framework/extent-github-cdn/b65cd69/v3html/css/extent.css' type='text/css' rel='stylesheet' />
	
	<title>AutomationTesting Blu Report</title>

	<style type='text/css'>
		/* json-tree */
		.jstBracket,.jstComma,.jstValue{white-space:pre-wrap}.jstValue{font-size:10px;font-weight:400;font-family:"Lucida Console",Monaco,monospace}.jstProperty{color:#666;word-wrap:break-word}.jstBool{color:#2525CC}.jstNum{color:#D036D0}.jstNull{color:gray}.jstStr{color:#2DB669}.jstFold:after{content:' -';cursor:pointer}.jstExpand{white-space:normal}.jstExpand:after{content:' +';cursor:pointer}.jstFolded{white-space:normal!important}.jstHiddenBlock{display:none}
	</style>
	
	<script type="text/javascript">
		/*! json-tree - v0.2.2 - 2017-09-25, MIT LICENSE */
		var JSONTree=function(){var n={"&":"&amp;","<":"&lt;",">":"&gt;",'"':"&quot;","'":"&#x27;","/":"&#x2F;"},t=0,r=0;this.create=function(n,t){return r+=1,N(u(n,0,!1),{class:"jstValue"})};var e=function(t){return t.replace(/[&<>'"]/g,function(t){return n[t]})},s=function(){return r+"_"+t++},u=function(n,t,r){if(null===n)return f(r?t:0);switch(typeof n){case"boolean":return l(n,r?t:0);case"number":return i(n,r?t:0);case"string":return o(n,r?t:0);default:return n instanceof Array?a(n,t,r):c(n,t,r)}},c=function(n,t,r){var e=s(),u=Object.keys(n).map(function(r){return j(r,n[r],t+1,!0)}).join(m()),c=[g("{",r?t:0,e),N(u,{id:e}),p("}",t)].join("\n");return N(c,{})},a=function(n,t,r){var e=s(),c=n.map(function(n){return u(n,t+1,!0)}).join(m());return[g("[",r?t:0,e),N(c,{id:e}),p("]",t)].join("\n")},o=function(n,t){var r=e(JSON.stringify(n));return N(v(r,t),{class:"jstStr"})},i=function(n,t){return N(v(n,t),{class:"jstNum"})},l=function(n,t){return N(v(n,t),{class:"jstBool"})},f=function(n){return N(v("null",n),{class:"jstNull"})},j=function(n,t,r){var s=v(e(JSON.stringify(n))+": ",r),c=N(u(t,r,!1),{});return N(s+c,{class:"jstProperty"})},m=function(){return N(",\n",{class:"jstComma"})},N=function(n,t){return d("span",t,n)},d=function(n,t,r){return"<"+n+Object.keys(t).map(function(n){return" "+n+'="'+t[n]+'"'}).join("")+">"+r+"</"+n+">"},g=function(n,t,r){return N(v(n,t),{class:"jstBracket"})+N("",{class:"jstFold",onclick:"JSONTree.toggle('"+r+"')"})};this.toggle=function(n){var t=document.getElementById(n),r=t.parentNode,e=t.previousElementSibling;""===t.className?(t.className="jstHiddenBlock",r.className="jstFolded",e.className="jstExpand"):(t.className="",r.className="",e.className="jstFold")};var p=function(n,t){return N(v(n,t),{})},v=function(n,t){return Array(2*t+1).join(" ")+n};return this}();
	</script>
</head>
	<body class='extent standard default hide-overflow '>
		<div id='theme-selector' alt='Click to toggle theme. To enable by default, use theme configuration.' title='Click to toggle theme. To enable by default, use theme configuration.'>
			<span><i class='material-icons'>desktop_windows</i></span>
		</div>
<nav>
	<div class="nav-wrapper">
		<a href="#!" class="brand-logo black"><img src="https://cdn.rawgit.com/extent-framework/extent-github-cdn/d74480e/commons/img/logo.png"></a>
		<!-- slideout menu -->
		<ul id='slide-out' class='side-nav fixed hide-on-med-and-down'>
			<li class='waves-effect active'><a href='#!' view='test-view' onclick="configureView(0);chartsView('test');"><i class='material-icons'>dashboard</i></a></li>
						<li class='waves-effect'><a href='#!' view='exception-view' onclick="configureView(2)"><i class='material-icons'>bug_report</i></a></li>
			<li class='waves-effect'><a href='#!' onclick="configureView(-1);chartsView('dashboard');" view='dashboard-view'><i class='material-icons'>track_changes</i></a></li>
		</ul>
		<!-- report name -->
		<span class='report-name'>My Own Report</span>
		<!-- report headline -->
		<span class='report-headline'></span>
		<!-- nav-right -->
		<ul id='nav-mobile' class='right hide-on-med-and-down nav-right'>
			<a href='#!'>
			<span class='label blue darken-3 suite-start-time'>Dec 19, 2019 01:59:05 PM</span>
			</a>
		</ul>
	</div>
</nav>		<!-- container -->
		<div class='container'>
<div id='test-view' class='view'>
	<section id='controls'>
		<div class='controls grey lighten-4'>
			<!-- test toggle -->
			<div class='chip transparent'>
				<a class='dropdown-button tests-toggle' data-activates='tests-toggle' data-constrainwidth='true' data-beloworigin='true' data-hover='true' href='#'>
				<i class='material-icons'>warning</i> Status
				</a>
				<ul id='tests-toggle' class='dropdown-content'>
										<li status='pass'><a href='#!'>Pass <i class='material-icons green-text'>check_circle</i></a></li>
					<li status='fail'><a href='#!'>Fail <i class='material-icons red-text'>cancel</i></a></li>
					<li class='divider'></li>
					<li status='clear' clear='true'><a href='#!'>Clear Filters <i class='material-icons'>clear</i></a></li>
				</ul>
			</div>
			<!-- test toggle -->
			<!-- category toggle -->
			<!-- category toggle -->
			<!-- clear filters -->
			<div class='chip transparent hide'>
				<a class='' id='clear-filters' alt='Clear Filters' title='Clear Filters'>
				<i class='material-icons'>close</i> Clear
				</a>
			</div>
			<!-- clear filters -->
			<!-- enable dashboard -->
			<div id='toggle-test-view-charts' class='chip transparent'>
				<a class='pink-text' id='enable-dashboard' alt='Enable Dashboard' title='Enable Dashboard'>
				<i class='material-icons'>track_changes</i> Dashboard
				</a>
			</div>
			<!-- enable dashboard -->
			<!-- search -->
			<div class='chip transparent' alt='Search Tests' title='Search Tests'>
				<a href="#" class='search-div'>
				<i class='material-icons'>search</i> Search
				</a>
				<div class='input-field left hide'>
					<input id='search-tests' type='text' class='validate browser-default' placeholder='Search Tests...'>
				</div>
			</div>
			<!-- search -->
		</div>
	</section>
<div id='test-view-charts' class='subview-full'>
    <div id='charts-row' class='row nm-v nm-h'>
        <div class='col s12 m12 l12 np-h'>
            <div class='card-panel nm-v'>
                <div class='left panel-name'>Tests</div>
                <div class='chart-box' style="max-height:94px;">
                    <canvas id='parent-analysis' width='90' height='70'></canvas>
                </div>
                <div class='block text-small'>
                    <span class='tooltipped' data-position='top' data-tooltip='67.857%'><span class='strong'>19</span> test(s) passed</span>
                </div>
                <div class='block text-small'>
                    <span class='strong tooltipped' data-position='top' data-tooltip='32.143%'>9</span> test(s) failed, <span class='strong tooltipped' data-position='top' data-tooltip='0%'>0</span> others
                </div>
            </div>
        </div>
    </div>
    <div id="timeline-chart" class="row nm-v nm-h">
        <div class="col s12 m12 l12 np-h">
            <div class="card-panel">
                <div class='left panel-name'>Timeline (seconds)</div>
                <div class="chart-box" style="width:98%;max-height:145px;">
                    <canvas id="timeline" height="120"></canvas>
                </div>
            </div>
        </div>
    </div>
</div>	<div class='subview-left left'>
		<div class='view-summary'>
			<ul id='test-collection' class='test-collection'>
				<li class='test displayed active  pass' status='pass' bdd='false' test-id='1'>
					<div class='test-heading'>
						<span class='test-name'>tc01_validMobileValidPassword</span>
						<span class='test-time'>Dec 19, 2019 01:59:40 PM</span>
						<span class='test-status right pass'>pass</span>
					</div>
					<div class='test-content hide'>
<div class='test-time-info'>
	<span class='label start-time'>Dec 19, 2019 01:59:40 PM</span>
	<span class='label end-time'>Dec 19, 2019 01:59:57 PM</span>
	<span class='label time-taken grey lighten-1 white-text'>0h 0m 16s+864ms</span>
</div>
<div class='test-steps'>
	<table class='bordered table-results'>
		<thead>
			<tr>
				<th>Status</th>
				<th>Timestamp</th>
				<th>Details</th>
			</tr>
		</thead>
		<tbody>
			<tr class='log' status='pass'>
				<td class='status pass' title='pass' alt='pass'><i class='material-icons'>check_circle</i></td>
				<td class='timestamp'>1:59:57 PM</td>
				<td class='step-details'>
						<span class='badge white-text green'>tc01_validMobileValidPassword Test Case PASSED</span>
					
				</td>
			</tr>
		</tbody>
	</table>
</div>
						<ul class='screenshots'>
							<li><img class='r-img' onerror='this.style.display="none"' data-featherlight='C:\Users\urvashi\Desktop\bluAndroid/Screenshot/tc01_validMobileValidPassword 19_Dec_2019 13_59_57.png' src='C:\Users\urvashi\Desktop\bluAndroid/Screenshot/tc01_validMobileValidPassword 19_Dec_2019 13_59_57.png' data-src='C:\Users\urvashi\Desktop\bluAndroid/Screenshot/tc01_validMobileValidPassword 19_Dec_2019 13_59_57.png'></li>
						</ul>
					</div>
				</li>
				<li class='test displayed active  pass' status='pass' bdd='false' test-id='2'>
					<div class='test-heading'>
						<span class='test-name'>tc02_invalidEmailValidPassword</span>
						<span class='test-time'>Dec 19, 2019 02:00:37 PM</span>
						<span class='test-status right pass'>pass</span>
					</div>
					<div class='test-content hide'>
<div class='test-time-info'>
	<span class='label start-time'>Dec 19, 2019 02:00:37 PM</span>
	<span class='label end-time'>Dec 19, 2019 02:00:53 PM</span>
	<span class='label time-taken grey lighten-1 white-text'>0h 0m 15s+923ms</span>
</div>
<div class='test-steps'>
	<table class='bordered table-results'>
		<thead>
			<tr>
				<th>Status</th>
				<th>Timestamp</th>
				<th>Details</th>
			</tr>
		</thead>
		<tbody>
			<tr class='log' status='pass'>
				<td class='status pass' title='pass' alt='pass'><i class='material-icons'>check_circle</i></td>
				<td class='timestamp'>2:00:53 PM</td>
				<td class='step-details'>
						<span class='badge white-text green'>tc02_invalidEmailValidPassword Test Case PASSED</span>
					
				</td>
			</tr>
		</tbody>
	</table>
</div>
						<ul class='screenshots'>
							<li><img class='r-img' onerror='this.style.display="none"' data-featherlight='C:\Users\urvashi\Desktop\bluAndroid/Screenshot/tc02_invalidEmailValidPassword 19_Dec_2019 14_00_53.png' src='C:\Users\urvashi\Desktop\bluAndroid/Screenshot/tc02_invalidEmailValidPassword 19_Dec_2019 14_00_53.png' data-src='C:\Users\urvashi\Desktop\bluAndroid/Screenshot/tc02_invalidEmailValidPassword 19_Dec_2019 14_00_53.png'></li>
						</ul>
					</div>
				</li>
				<li class='test displayed active  pass' status='pass' bdd='false' test-id='3'>
					<div class='test-heading'>
						<span class='test-name'>tc03_invalidMobileNumberValidPassword</span>
						<span class='test-time'>Dec 19, 2019 02:01:32 PM</span>
						<span class='test-status right pass'>pass</span>
					</div>
					<div class='test-content hide'>
<div class='test-time-info'>
	<span class='label start-time'>Dec 19, 2019 02:01:32 PM</span>
	<span class='label end-time'>Dec 19, 2019 02:01:48 PM</span>
	<span class='label time-taken grey lighten-1 white-text'>0h 0m 15s+564ms</span>
</div>
<div class='test-steps'>
	<table class='bordered table-results'>
		<thead>
			<tr>
				<th>Status</th>
				<th>Timestamp</th>
				<th>Details</th>
			</tr>
		</thead>
		<tbody>
			<tr class='log' status='pass'>
				<td class='status pass' title='pass' alt='pass'><i class='material-icons'>check_circle</i></td>
				<td class='timestamp'>2:01:48 PM</td>
				<td class='step-details'>
						<span class='badge white-text green'>tc03_invalidMobileNumberValidPassword Test Case PASSED</span>
					
				</td>
			</tr>
		</tbody>
	</table>
</div>
						<ul class='screenshots'>
							<li><img class='r-img' onerror='this.style.display="none"' data-featherlight='C:\Users\urvashi\Desktop\bluAndroid/Screenshot/tc03_invalidMobileNumberValidPassword 19_Dec_2019 14_01_48.png' src='C:\Users\urvashi\Desktop\bluAndroid/Screenshot/tc03_invalidMobileNumberValidPassword 19_Dec_2019 14_01_48.png' data-src='C:\Users\urvashi\Desktop\bluAndroid/Screenshot/tc03_invalidMobileNumberValidPassword 19_Dec_2019 14_01_48.png'></li>
						</ul>
					</div>
				</li>
				<li class='test displayed active  pass' status='pass' bdd='false' test-id='4'>
					<div class='test-heading'>
						<span class='test-name'>tc04_withoutCredentials</span>
						<span class='test-time'>Dec 19, 2019 02:02:30 PM</span>
						<span class='test-status right pass'>pass</span>
					</div>
					<div class='test-content hide'>
<div class='test-time-info'>
	<span class='label start-time'>Dec 19, 2019 02:02:30 PM</span>
	<span class='label end-time'>Dec 19, 2019 02:02:34 PM</span>
	<span class='label time-taken grey lighten-1 white-text'>0h 0m 3s+779ms</span>
</div>
<div class='test-steps'>
	<table class='bordered table-results'>
		<thead>
			<tr>
				<th>Status</th>
				<th>Timestamp</th>
				<th>Details</th>
			</tr>
		</thead>
		<tbody>
			<tr class='log' status='pass'>
				<td class='status pass' title='pass' alt='pass'><i class='material-icons'>check_circle</i></td>
				<td class='timestamp'>2:02:34 PM</td>
				<td class='step-details'>
						<span class='badge white-text green'>tc04_withoutCredentials Test Case PASSED</span>
					
				</td>
			</tr>
		</tbody>
	</table>
</div>
						<ul class='screenshots'>
							<li><img class='r-img' onerror='this.style.display="none"' data-featherlight='C:\Users\urvashi\Desktop\bluAndroid/Screenshot/tc04_withoutCredentials 19_Dec_2019 14_02_34.png' src='C:\Users\urvashi\Desktop\bluAndroid/Screenshot/tc04_withoutCredentials 19_Dec_2019 14_02_34.png' data-src='C:\Users\urvashi\Desktop\bluAndroid/Screenshot/tc04_withoutCredentials 19_Dec_2019 14_02_34.png'></li>
						</ul>
					</div>
				</li>
				<li class='test displayed active  pass' status='pass' bdd='false' test-id='5'>
					<div class='test-heading'>
						<span class='test-name'>tc06_notRegisteredMobileNumber</span>
						<span class='test-time'>Dec 19, 2019 02:03:13 PM</span>
						<span class='test-status right pass'>pass</span>
					</div>
					<div class='test-content hide'>
<div class='test-time-info'>
	<span class='label start-time'>Dec 19, 2019 02:03:13 PM</span>
	<span class='label end-time'>Dec 19, 2019 02:03:28 PM</span>
	<span class='label time-taken grey lighten-1 white-text'>0h 0m 15s+405ms</span>
</div>
<div class='test-steps'>
	<table class='bordered table-results'>
		<thead>
			<tr>
				<th>Status</th>
				<th>Timestamp</th>
				<th>Details</th>
			</tr>
		</thead>
		<tbody>
			<tr class='log' status='pass'>
				<td class='status pass' title='pass' alt='pass'><i class='material-icons'>check_circle</i></td>
				<td class='timestamp'>2:03:28 PM</td>
				<td class='step-details'>
						<span class='badge white-text green'>tc06_notRegisteredMobileNumber Test Case PASSED</span>
					
				</td>
			</tr>
		</tbody>
	</table>
</div>
						<ul class='screenshots'>
							<li><img class='r-img' onerror='this.style.display="none"' data-featherlight='C:\Users\urvashi\Desktop\bluAndroid/Screenshot/tc06_notRegisteredMobileNumber 19_Dec_2019 14_03_28.png' src='C:\Users\urvashi\Desktop\bluAndroid/Screenshot/tc06_notRegisteredMobileNumber 19_Dec_2019 14_03_28.png' data-src='C:\Users\urvashi\Desktop\bluAndroid/Screenshot/tc06_notRegisteredMobileNumber 19_Dec_2019 14_03_28.png'></li>
						</ul>
					</div>
				</li>
				<li class='test displayed active  pass' status='pass' bdd='false' test-id='6'>
					<div class='test-heading'>
						<span class='test-name'>tc07_notRegisteredEmail</span>
						<span class='test-time'>Dec 19, 2019 02:04:08 PM</span>
						<span class='test-status right pass'>pass</span>
					</div>
					<div class='test-content hide'>
<div class='test-time-info'>
	<span class='label start-time'>Dec 19, 2019 02:04:08 PM</span>
	<span class='label end-time'>Dec 19, 2019 02:04:25 PM</span>
	<span class='label time-taken grey lighten-1 white-text'>0h 0m 16s+736ms</span>
</div>
<div class='test-steps'>
	<table class='bordered table-results'>
		<thead>
			<tr>
				<th>Status</th>
				<th>Timestamp</th>
				<th>Details</th>
			</tr>
		</thead>
		<tbody>
			<tr class='log' status='pass'>
				<td class='status pass' title='pass' alt='pass'><i class='material-icons'>check_circle</i></td>
				<td class='timestamp'>2:04:25 PM</td>
				<td class='step-details'>
						<span class='badge white-text green'>tc07_notRegisteredEmail Test Case PASSED</span>
					
				</td>
			</tr>
		</tbody>
	</table>
</div>
						<ul class='screenshots'>
							<li><img class='r-img' onerror='this.style.display="none"' data-featherlight='C:\Users\urvashi\Desktop\bluAndroid/Screenshot/tc07_notRegisteredEmail 19_Dec_2019 14_04_25.png' src='C:\Users\urvashi\Desktop\bluAndroid/Screenshot/tc07_notRegisteredEmail 19_Dec_2019 14_04_25.png' data-src='C:\Users\urvashi\Desktop\bluAndroid/Screenshot/tc07_notRegisteredEmail 19_Dec_2019 14_04_25.png'></li>
						</ul>
					</div>
				</li>
				<li class='test displayed active  pass' status='pass' bdd='false' test-id='7'>
					<div class='test-heading'>
						<span class='test-name'>tc08_validEmailPassword</span>
						<span class='test-time'>Dec 19, 2019 02:05:05 PM</span>
						<span class='test-status right pass'>pass</span>
					</div>
					<div class='test-content hide'>
<div class='test-time-info'>
	<span class='label start-time'>Dec 19, 2019 02:05:05 PM</span>
	<span class='label end-time'>Dec 19, 2019 02:05:23 PM</span>
	<span class='label time-taken grey lighten-1 white-text'>0h 0m 17s+727ms</span>
</div>
<div class='test-steps'>
	<table class='bordered table-results'>
		<thead>
			<tr>
				<th>Status</th>
				<th>Timestamp</th>
				<th>Details</th>
			</tr>
		</thead>
		<tbody>
			<tr class='log' status='pass'>
				<td class='status pass' title='pass' alt='pass'><i class='material-icons'>check_circle</i></td>
				<td class='timestamp'>2:05:23 PM</td>
				<td class='step-details'>
						<span class='badge white-text green'>tc08_validEmailPassword Test Case PASSED</span>
					
				</td>
			</tr>
		</tbody>
	</table>
</div>
						<ul class='screenshots'>
							<li><img class='r-img' onerror='this.style.display="none"' data-featherlight='C:\Users\urvashi\Desktop\bluAndroid/Screenshot/tc08_validEmailPassword 19_Dec_2019 14_05_23.png' src='C:\Users\urvashi\Desktop\bluAndroid/Screenshot/tc08_validEmailPassword 19_Dec_2019 14_05_23.png' data-src='C:\Users\urvashi\Desktop\bluAndroid/Screenshot/tc08_validEmailPassword 19_Dec_2019 14_05_23.png'></li>
						</ul>
					</div>
				</li>
				<li class='test displayed active  pass' status='pass' bdd='false' test-id='8'>
					<div class='test-heading'>
						<span class='test-name'>tc09_validEmailInvalidPassword</span>
						<span class='test-time'>Dec 19, 2019 02:06:03 PM</span>
						<span class='test-status right pass'>pass</span>
					</div>
					<div class='test-content hide'>
<div class='test-time-info'>
	<span class='label start-time'>Dec 19, 2019 02:06:03 PM</span>
	<span class='label end-time'>Dec 19, 2019 02:06:20 PM</span>
	<span class='label time-taken grey lighten-1 white-text'>0h 0m 16s+647ms</span>
</div>
<div class='test-steps'>
	<table class='bordered table-results'>
		<thead>
			<tr>
				<th>Status</th>
				<th>Timestamp</th>
				<th>Details</th>
			</tr>
		</thead>
		<tbody>
			<tr class='log' status='pass'>
				<td class='status pass' title='pass' alt='pass'><i class='material-icons'>check_circle</i></td>
				<td class='timestamp'>2:06:20 PM</td>
				<td class='step-details'>
						<span class='badge white-text green'>tc09_validEmailInvalidPassword Test Case PASSED</span>
					
				</td>
			</tr>
		</tbody>
	</table>
</div>
						<ul class='screenshots'>
							<li><img class='r-img' onerror='this.style.display="none"' data-featherlight='C:\Users\urvashi\Desktop\bluAndroid/Screenshot/tc09_validEmailInvalidPassword 19_Dec_2019 14_06_20.png' src='C:\Users\urvashi\Desktop\bluAndroid/Screenshot/tc09_validEmailInvalidPassword 19_Dec_2019 14_06_20.png' data-src='C:\Users\urvashi\Desktop\bluAndroid/Screenshot/tc09_validEmailInvalidPassword 19_Dec_2019 14_06_20.png'></li>
						</ul>
					</div>
				</li>
				<li class='test displayed active  pass' status='pass' bdd='false' test-id='9'>
					<div class='test-heading'>
						<span class='test-name'>tc10_validMobileNumberInvalidPassword</span>
						<span class='test-time'>Dec 19, 2019 02:07:03 PM</span>
						<span class='test-status right pass'>pass</span>
					</div>
					<div class='test-content hide'>
<div class='test-time-info'>
	<span class='label start-time'>Dec 19, 2019 02:07:03 PM</span>
	<span class='label end-time'>Dec 19, 2019 02:07:19 PM</span>
	<span class='label time-taken grey lighten-1 white-text'>0h 0m 16s+302ms</span>
</div>
<div class='test-steps'>
	<table class='bordered table-results'>
		<thead>
			<tr>
				<th>Status</th>
				<th>Timestamp</th>
				<th>Details</th>
			</tr>
		</thead>
		<tbody>
			<tr class='log' status='pass'>
				<td class='status pass' title='pass' alt='pass'><i class='material-icons'>check_circle</i></td>
				<td class='timestamp'>2:07:19 PM</td>
				<td class='step-details'>
						<span class='badge white-text green'>tc10_validMobileNumberInvalidPassword Test Case PASSED</span>
					
				</td>
			</tr>
		</tbody>
	</table>
</div>
						<ul class='screenshots'>
							<li><img class='r-img' onerror='this.style.display="none"' data-featherlight='C:\Users\urvashi\Desktop\bluAndroid/Screenshot/tc10_validMobileNumberInvalidPassword 19_Dec_2019 14_07_19.png' src='C:\Users\urvashi\Desktop\bluAndroid/Screenshot/tc10_validMobileNumberInvalidPassword 19_Dec_2019 14_07_19.png' data-src='C:\Users\urvashi\Desktop\bluAndroid/Screenshot/tc10_validMobileNumberInvalidPassword 19_Dec_2019 14_07_19.png'></li>
						</ul>
					</div>
				</li>
				<li class='test displayed active  pass' status='pass' bdd='false' test-id='10'>
					<div class='test-heading'>
						<span class='test-name'>tc11_invalidMobileNumberInvalidPassword</span>
						<span class='test-time'>Dec 19, 2019 02:07:59 PM</span>
						<span class='test-status right pass'>pass</span>
					</div>
					<div class='test-content hide'>
<div class='test-time-info'>
	<span class='label start-time'>Dec 19, 2019 02:07:59 PM</span>
	<span class='label end-time'>Dec 19, 2019 02:08:16 PM</span>
	<span class='label time-taken grey lighten-1 white-text'>0h 0m 16s+133ms</span>
</div>
<div class='test-steps'>
	<table class='bordered table-results'>
		<thead>
			<tr>
				<th>Status</th>
				<th>Timestamp</th>
				<th>Details</th>
			</tr>
		</thead>
		<tbody>
			<tr class='log' status='pass'>
				<td class='status pass' title='pass' alt='pass'><i class='material-icons'>check_circle</i></td>
				<td class='timestamp'>2:08:16 PM</td>
				<td class='step-details'>
						<span class='badge white-text green'>tc11_invalidMobileNumberInvalidPassword Test Case PASSED</span>
					
				</td>
			</tr>
		</tbody>
	</table>
</div>
						<ul class='screenshots'>
							<li><img class='r-img' onerror='this.style.display="none"' data-featherlight='C:\Users\urvashi\Desktop\bluAndroid/Screenshot/tc11_invalidMobileNumberInvalidPassword 19_Dec_2019 14_08_16.png' src='C:\Users\urvashi\Desktop\bluAndroid/Screenshot/tc11_invalidMobileNumberInvalidPassword 19_Dec_2019 14_08_16.png' data-src='C:\Users\urvashi\Desktop\bluAndroid/Screenshot/tc11_invalidMobileNumberInvalidPassword 19_Dec_2019 14_08_16.png'></li>
						</ul>
					</div>
				</li>
				<li class='test displayed active  pass' status='pass' bdd='false' test-id='11'>
					<div class='test-heading'>
						<span class='test-name'>tc01_signup()</span>
						<span class='test-time'>Dec 19, 2019 02:08:56 PM</span>
						<span class='test-status right pass'>pass</span>
					</div>
					<div class='test-content hide'>
<div class='test-time-info'>
	<span class='label start-time'>Dec 19, 2019 02:08:56 PM</span>
	<span class='label end-time'>Dec 19, 2019 02:10:26 PM</span>
	<span class='label time-taken grey lighten-1 white-text'>0h 1m 29s+973ms</span>
</div>
<div class='test-steps'>
	<table class='bordered table-results'>
		<thead>
			<tr>
				<th>Status</th>
				<th>Timestamp</th>
				<th>Details</th>
			</tr>
		</thead>
		<tbody>
			<tr class='log' status='pass'>
				<td class='status pass' title='pass' alt='pass'><i class='material-icons'>check_circle</i></td>
				<td class='timestamp'>2:10:26 PM</td>
				<td class='step-details'>
						<span class='badge white-text green'>tc01_signup Test Case PASSED</span>
					
				</td>
			</tr>
		</tbody>
	</table>
</div>
						<ul class='screenshots'>
							<li><img class='r-img' onerror='this.style.display="none"' data-featherlight='C:\Users\urvashi\Desktop\bluAndroid/Screenshot/tc01_signup 19_Dec_2019 14_10_26.png' src='C:\Users\urvashi\Desktop\bluAndroid/Screenshot/tc01_signup 19_Dec_2019 14_10_26.png' data-src='C:\Users\urvashi\Desktop\bluAndroid/Screenshot/tc01_signup 19_Dec_2019 14_10_26.png'></li>
						</ul>
					</div>
				</li>
				<li class='test displayed active  pass' status='pass' bdd='false' test-id='12'>
					<div class='test-heading'>
						<span class='test-name'>tc02_signupWithoutReferralCode()</span>
						<span class='test-time'>Dec 19, 2019 02:11:05 PM</span>
						<span class='test-status right pass'>pass</span>
					</div>
					<div class='test-content hide'>
<div class='test-time-info'>
	<span class='label start-time'>Dec 19, 2019 02:11:05 PM</span>
	<span class='label end-time'>Dec 19, 2019 02:12:31 PM</span>
	<span class='label time-taken grey lighten-1 white-text'>0h 1m 25s+413ms</span>
</div>
<div class='test-steps'>
	<table class='bordered table-results'>
		<thead>
			<tr>
				<th>Status</th>
				<th>Timestamp</th>
				<th>Details</th>
			</tr>
		</thead>
		<tbody>
			<tr class='log' status='pass'>
				<td class='status pass' title='pass' alt='pass'><i class='material-icons'>check_circle</i></td>
				<td class='timestamp'>2:12:31 PM</td>
				<td class='step-details'>
						<span class='badge white-text green'>tc02_signupWithoutReferralCode Test Case PASSED</span>
					
				</td>
			</tr>
		</tbody>
	</table>
</div>
						<ul class='screenshots'>
							<li><img class='r-img' onerror='this.style.display="none"' data-featherlight='C:\Users\urvashi\Desktop\bluAndroid/Screenshot/tc02_signupWithoutReferralCode 19_Dec_2019 14_12_31.png' src='C:\Users\urvashi\Desktop\bluAndroid/Screenshot/tc02_signupWithoutReferralCode 19_Dec_2019 14_12_31.png' data-src='C:\Users\urvashi\Desktop\bluAndroid/Screenshot/tc02_signupWithoutReferralCode 19_Dec_2019 14_12_31.png'></li>
						</ul>
					</div>
				</li>
				<li class='test displayed active  pass' status='pass' bdd='false' test-id='13'>
					<div class='test-heading'>
						<span class='test-name'>tc03_signupWithoutGenderAndRefferalCode()</span>
						<span class='test-time'>Dec 19, 2019 02:13:13 PM</span>
						<span class='test-status right pass'>pass</span>
					</div>
					<div class='test-content hide'>
<div class='test-time-info'>
	<span class='label start-time'>Dec 19, 2019 02:13:13 PM</span>
	<span class='label end-time'>Dec 19, 2019 02:14:35 PM</span>
	<span class='label time-taken grey lighten-1 white-text'>0h 1m 21s+611ms</span>
</div>
<div class='test-steps'>
	<table class='bordered table-results'>
		<thead>
			<tr>
				<th>Status</th>
				<th>Timestamp</th>
				<th>Details</th>
			</tr>
		</thead>
		<tbody>
			<tr class='log' status='pass'>
				<td class='status pass' title='pass' alt='pass'><i class='material-icons'>check_circle</i></td>
				<td class='timestamp'>2:14:35 PM</td>
				<td class='step-details'>
						<span class='badge white-text green'>tc03_signupWithoutGenderAndRefferalCode Test Case PASSED</span>
					
				</td>
			</tr>
		</tbody>
	</table>
</div>
						<ul class='screenshots'>
							<li><img class='r-img' onerror='this.style.display="none"' data-featherlight='C:\Users\urvashi\Desktop\bluAndroid/Screenshot/tc03_signupWithoutGenderAndRefferalCode 19_Dec_2019 14_14_35.png' src='C:\Users\urvashi\Desktop\bluAndroid/Screenshot/tc03_signupWithoutGenderAndRefferalCode 19_Dec_2019 14_14_35.png' data-src='C:\Users\urvashi\Desktop\bluAndroid/Screenshot/tc03_signupWithoutGenderAndRefferalCode 19_Dec_2019 14_14_35.png'></li>
						</ul>
					</div>
				</li>
				<li class='test displayed active  fail' status='fail' bdd='false' test-id='14'>
					<div class='test-heading'>
						<span class='test-name'>tc04_signupWithoutDOBGenderAndRefferalCode()</span>
						<span class='test-time'>Dec 19, 2019 02:15:14 PM</span>
						<span class='test-status right fail'>fail</span>
					</div>
					<div class='test-content hide'>
<div class='test-time-info'>
	<span class='label start-time'>Dec 19, 2019 02:15:14 PM</span>
	<span class='label end-time'>Dec 19, 2019 02:17:42 PM</span>
	<span class='label time-taken grey lighten-1 white-text'>0h 2m 27s+581ms</span>
</div>
<div class='test-steps'>
	<table class='bordered table-results'>
		<thead>
			<tr>
				<th>Status</th>
				<th>Timestamp</th>
				<th>Details</th>
			</tr>
		</thead>
		<tbody>
			<tr class='log' status='fail'>
				<td class='status fail' title='fail' alt='fail'><i class='material-icons'>cancel</i></td>
				<td class='timestamp'>2:17:42 PM</td>
				<td class='step-details'>
						<span class='badge white-text red'>tc04_signupWithoutDOBGenderAndRefferalCode Test case FAILED due to below issues:</span>
					
				</td>
			</tr>
			<tr class='log' status='fail'>
				<td class='status fail' title='fail' alt='fail'><i class='material-icons'>cancel</i></td>
				<td class='timestamp'>2:17:42 PM</td>
				<td class='step-details'>
						<textarea disabled class="code-block">org.openqa.selenium.NoSuchElementException: An element could not be located on the page using the given search parameters.
For documentation on this error, please visit: https://www.seleniumhq.org/exceptions/no_such_element.html
Build info: version: '3.141.59', revision: 'e82be7d358', time: '2018-11-14T08:17:03'
System info: host: 'BLU-LP-00004', ip: '192.168.0.124', os.name: 'Windows 10', os.arch: 'amd64', os.version: '10.0', java.version: '1.8.0_221'
Driver info: io.appium.java_client.android.AndroidDriver
Capabilities {appActivity: sg.com.blu.android.features..., appPackage: sg.com.blu.android, databaseEnabled: false, desired: {appActivity: sg.com.blu.android.features..., appPackage: sg.com.blu.android, deviceName: Galaxy S8+, platformName: android, platformVersion: 8.0.0, resetKeyboard: true, udid: ce031713d5fad93001, unicodeKeyboard: true}, deviceManufacturer: samsung, deviceModel: SM-G955F, deviceName: ce031713d5fad93001, deviceScreenSize: 1440x2960, deviceUDID: ce031713d5fad93001, javascriptEnabled: true, locationContextEnabled: false, networkConnectionEnabled: true, platform: LINUX, platformName: Android, platformVersion: 8.0.0, resetKeyboard: true, takesScreenshot: true, udid: ce031713d5fad93001, unicodeKeyboard: true, warnings: {}, webStorageEnabled: false}
Session ID: a43864b6-370e-4681-98af-7fc34854bee6
*** Element info: {Using=id, value=sg.com.blu.android:id/recipient_tv}
	at sun.reflect.NativeConstructorAccessorImpl.newInstance0(Native Method)
	at sun.reflect.NativeConstructorAccessorImpl.newInstance(Unknown Source)
	at sun.reflect.DelegatingConstructorAccessorImpl.newInstance(Unknown Source)
	at java.lang.reflect.Constructor.newInstance(Unknown Source)
	at org.openqa.selenium.remote.http.W3CHttpResponseCodec.createException(W3CHttpResponseCodec.java:187)
	at org.openqa.selenium.remote.http.W3CHttpResponseCodec.decode(W3CHttpResponseCodec.java:122)
	at org.openqa.selenium.remote.http.W3CHttpResponseCodec.decode(W3CHttpResponseCodec.java:49)
	at org.openqa.selenium.remote.HttpCommandExecutor.execute(HttpCommandExecutor.java:158)
	at io.appium.java_client.remote.AppiumCommandExecutor.execute(AppiumCommandExecutor.java:239)
	at org.openqa.selenium.remote.RemoteWebDriver.execute(RemoteWebDriver.java:552)
	at io.appium.java_client.DefaultGenericMobileDriver.execute(DefaultGenericMobileDriver.java:41)
	at io.appium.java_client.AppiumDriver.execute(AppiumDriver.java:1)
	at io.appium.java_client.android.AndroidDriver.execute(AndroidDriver.java:1)
	at org.openqa.selenium.remote.RemoteWebDriver.findElement(RemoteWebDriver.java:323)
	at io.appium.java_client.DefaultGenericMobileDriver.findElement(DefaultGenericMobileDriver.java:61)
	at io.appium.java_client.AppiumDriver.findElement(AppiumDriver.java:1)
	at io.appium.java_client.android.AndroidDriver.findElement(AndroidDriver.java:1)
	at org.openqa.selenium.remote.RemoteWebDriver.findElementById(RemoteWebDriver.java:372)
	at io.appium.java_client.DefaultGenericMobileDriver.findElementById(DefaultGenericMobileDriver.java:69)
	at io.appium.java_client.AppiumDriver.findElementById(AppiumDriver.java:1)
	at io.appium.java_client.android.AndroidDriver.findElementById(AndroidDriver.java:1)
	at org.openqa.selenium.By$ById.findElement(By.java:188)
	at org.openqa.selenium.remote.RemoteWebDriver.findElement(RemoteWebDriver.java:315)
	at io.appium.java_client.DefaultGenericMobileDriver.findElement(DefaultGenericMobileDriver.java:57)
	at io.appium.java_client.AppiumDriver.findElement(AppiumDriver.java:1)
	at io.appium.java_client.android.AndroidDriver.findElement(AndroidDriver.java:1)
	at bluAndroid.bluAndroid.TestScripts.BluSignUpTestRunner.tc04_signupWithoutDOBGenderAndRefferalCode(BluSignUpTestRunner.java:102)
	at sun.reflect.NativeMethodAccessorImpl.invoke0(Native Method)
	at sun.reflect.NativeMethodAccessorImpl.invoke(Unknown Source)
	at sun.reflect.DelegatingMethodAccessorImpl.invoke(Unknown Source)
	at java.lang.reflect.Method.invoke(Unknown Source)
	at org.testng.internal.MethodInvocationHelper.invokeMethod(MethodInvocationHelper.java:133)
	at org.testng.internal.TestInvoker.invokeMethod(TestInvoker.java:584)
	at org.testng.internal.TestInvoker.invokeTestMethod(TestInvoker.java:172)
	at org.testng.internal.MethodRunner.runInSequence(MethodRunner.java:46)
	at org.testng.internal.TestInvoker$MethodInvocationAgent.invoke(TestInvoker.java:804)
	at org.testng.internal.TestInvoker.invokeTestMethods(TestInvoker.java:145)
	at org.testng.internal.TestMethodWorker.invokeTestMethods(TestMethodWorker.java:146)
	at org.testng.internal.TestMethodWorker.run(TestMethodWorker.java:128)
	at java.util.ArrayList.forEach(Unknown Source)
	at org.testng.TestRunner.privateRun(TestRunner.java:770)
	at org.testng.TestRunner.run(TestRunner.java:591)
	at org.testng.SuiteRunner.runTest(SuiteRunner.java:402)
	at org.testng.SuiteRunner.runSequentially(SuiteRunner.java:396)
	at org.testng.SuiteRunner.privateRun(SuiteRunner.java:355)
	at org.testng.SuiteRunner.run(SuiteRunner.java:304)
	at org.testng.SuiteRunnerWorker.runSuite(SuiteRunnerWorker.java:53)
	at org.testng.SuiteRunnerWorker.run(SuiteRunnerWorker.java:96)
	at org.testng.TestNG.runSuitesSequentially(TestNG.java:1180)
	at org.testng.TestNG.runSuitesLocally(TestNG.java:1102)
	at org.testng.TestNG.runSuites(TestNG.java:1032)
	at org.testng.TestNG.run(TestNG.java:1000)
	at org.testng.remote.AbstractRemoteTestNG.run(AbstractRemoteTestNG.java:115)
	at org.testng.remote.RemoteTestNG.initAndRun(RemoteTestNG.java:251)
	at org.testng.remote.RemoteTestNG.main(RemoteTestNG.java:77)
</textarea>
					
				</td>
			</tr>
		</tbody>
	</table>
</div>
						<ul class='screenshots'>
							<li><img class='r-img' onerror='this.style.display="none"' data-featherlight='C:\Users\urvashi\Desktop\bluAndroid/Screenshot/Error_tc04_signupWithoutDOBGenderAndRefferalCode 19_Dec_2019 14_17_42.png' src='C:\Users\urvashi\Desktop\bluAndroid/Screenshot/Error_tc04_signupWithoutDOBGenderAndRefferalCode 19_Dec_2019 14_17_42.png' data-src='C:\Users\urvashi\Desktop\bluAndroid/Screenshot/Error_tc04_signupWithoutDOBGenderAndRefferalCode 19_Dec_2019 14_17_42.png'></li>
						</ul>
					</div>
				</li>
				<li class='test displayed active  fail' status='fail' bdd='false' test-id='15'>
					<div class='test-heading'>
						<span class='test-name'>tc05_signupManDetails</span>
						<span class='test-time'>Dec 19, 2019 02:18:23 PM</span>
						<span class='test-status right fail'>fail</span>
					</div>
					<div class='test-content hide'>
<div class='test-time-info'>
	<span class='label start-time'>Dec 19, 2019 02:18:23 PM</span>
	<span class='label end-time'>Dec 19, 2019 02:20:03 PM</span>
	<span class='label time-taken grey lighten-1 white-text'>0h 1m 40s+329ms</span>
</div>
<div class='test-steps'>
	<table class='bordered table-results'>
		<thead>
			<tr>
				<th>Status</th>
				<th>Timestamp</th>
				<th>Details</th>
			</tr>
		</thead>
		<tbody>
			<tr class='log' status='fail'>
				<td class='status fail' title='fail' alt='fail'><i class='material-icons'>cancel</i></td>
				<td class='timestamp'>2:20:03 PM</td>
				<td class='step-details'>
						<span class='badge white-text red'>tc05_signupManDetails Test case FAILED due to below issues:</span>
					
				</td>
			</tr>
			<tr class='log' status='fail'>
				<td class='status fail' title='fail' alt='fail'><i class='material-icons'>cancel</i></td>
				<td class='timestamp'>2:20:03 PM</td>
				<td class='step-details'>
						<textarea disabled class="code-block">org.openqa.selenium.NoSuchElementException: An element could not be located on the page using the given search parameters.
For documentation on this error, please visit: https://www.seleniumhq.org/exceptions/no_such_element.html
Build info: version: '3.141.59', revision: 'e82be7d358', time: '2018-11-14T08:17:03'
System info: host: 'BLU-LP-00004', ip: '192.168.0.124', os.name: 'Windows 10', os.arch: 'amd64', os.version: '10.0', java.version: '1.8.0_221'
Driver info: io.appium.java_client.android.AndroidDriver
Capabilities {appActivity: sg.com.blu.android.features..., appPackage: sg.com.blu.android, databaseEnabled: false, desired: {appActivity: sg.com.blu.android.features..., appPackage: sg.com.blu.android, deviceName: Galaxy S8+, platformName: android, platformVersion: 8.0.0, resetKeyboard: true, udid: ce031713d5fad93001, unicodeKeyboard: true}, deviceManufacturer: samsung, deviceModel: SM-G955F, deviceName: ce031713d5fad93001, deviceScreenSize: 1440x2960, deviceUDID: ce031713d5fad93001, javascriptEnabled: true, locationContextEnabled: false, networkConnectionEnabled: true, platform: LINUX, platformName: Android, platformVersion: 8.0.0, resetKeyboard: true, takesScreenshot: true, udid: ce031713d5fad93001, unicodeKeyboard: true, warnings: {}, webStorageEnabled: false}
Session ID: ae015157-c577-46c4-be4a-100349fa334c
*** Element info: {Using=xpath, value=//android.widget.LinearLayout[@resource-id ='sg.com.blu.android:id/email_inputField']}
	at sun.reflect.NativeConstructorAccessorImpl.newInstance0(Native Method)
	at sun.reflect.NativeConstructorAccessorImpl.newInstance(Unknown Source)
	at sun.reflect.DelegatingConstructorAccessorImpl.newInstance(Unknown Source)
	at java.lang.reflect.Constructor.newInstance(Unknown Source)
	at org.openqa.selenium.remote.http.W3CHttpResponseCodec.createException(W3CHttpResponseCodec.java:187)
	at org.openqa.selenium.remote.http.W3CHttpResponseCodec.decode(W3CHttpResponseCodec.java:122)
	at org.openqa.selenium.remote.http.W3CHttpResponseCodec.decode(W3CHttpResponseCodec.java:49)
	at org.openqa.selenium.remote.HttpCommandExecutor.execute(HttpCommandExecutor.java:158)
	at io.appium.java_client.remote.AppiumCommandExecutor.execute(AppiumCommandExecutor.java:239)
	at org.openqa.selenium.remote.RemoteWebDriver.execute(RemoteWebDriver.java:552)
	at io.appium.java_client.DefaultGenericMobileDriver.execute(DefaultGenericMobileDriver.java:41)
	at io.appium.java_client.AppiumDriver.execute(AppiumDriver.java:1)
	at io.appium.java_client.android.AndroidDriver.execute(AndroidDriver.java:1)
	at org.openqa.selenium.remote.RemoteWebDriver.findElement(RemoteWebDriver.java:323)
	at io.appium.java_client.DefaultGenericMobileDriver.findElement(DefaultGenericMobileDriver.java:61)
	at io.appium.java_client.AppiumDriver.findElement(AppiumDriver.java:1)
	at io.appium.java_client.android.AndroidDriver.findElement(AndroidDriver.java:1)
	at org.openqa.selenium.remote.RemoteWebDriver.findElementByXPath(RemoteWebDriver.java:428)
	at io.appium.java_client.DefaultGenericMobileDriver.findElementByXPath(DefaultGenericMobileDriver.java:151)
	at io.appium.java_client.AppiumDriver.findElementByXPath(AppiumDriver.java:1)
	at io.appium.java_client.android.AndroidDriver.findElementByXPath(AndroidDriver.java:1)
	at org.openqa.selenium.By$ByXPath.findElement(By.java:353)
	at org.openqa.selenium.remote.RemoteWebDriver.findElement(RemoteWebDriver.java:315)
	at io.appium.java_client.DefaultGenericMobileDriver.findElement(DefaultGenericMobileDriver.java:57)
	at io.appium.java_client.AppiumDriver.findElement(AppiumDriver.java:1)
	at io.appium.java_client.android.AndroidDriver.findElement(AndroidDriver.java:1)
	at bluAndroid.bluAndroid.pageObjects.SignUpScreen.enterEmail(SignUpScreen.java:37)
	at bluAndroid.bluAndroid.pageObjects.SignUpScreen.bluSignUpManDetails(SignUpScreen.java:192)
	at bluAndroid.bluAndroid.TestScripts.BluSignUpTestRunner.tc05_signupManDetails(BluSignUpTestRunner.java:110)
	at sun.reflect.NativeMethodAccessorImpl.invoke0(Native Method)
	at sun.reflect.NativeMethodAccessorImpl.invoke(Unknown Source)
	at sun.reflect.DelegatingMethodAccessorImpl.invoke(Unknown Source)
	at java.lang.reflect.Method.invoke(Unknown Source)
	at org.testng.internal.MethodInvocationHelper.invokeMethod(MethodInvocationHelper.java:133)
	at org.testng.internal.TestInvoker.invokeMethod(TestInvoker.java:584)
	at org.testng.internal.TestInvoker.invokeTestMethod(TestInvoker.java:172)
	at org.testng.internal.MethodRunner.runInSequence(MethodRunner.java:46)
	at org.testng.internal.TestInvoker$MethodInvocationAgent.invoke(TestInvoker.java:804)
	at org.testng.internal.TestInvoker.invokeTestMethods(TestInvoker.java:145)
	at org.testng.internal.TestMethodWorker.invokeTestMethods(TestMethodWorker.java:146)
	at org.testng.internal.TestMethodWorker.run(TestMethodWorker.java:128)
	at java.util.ArrayList.forEach(Unknown Source)
	at org.testng.TestRunner.privateRun(TestRunner.java:770)
	at org.testng.TestRunner.run(TestRunner.java:591)
	at org.testng.SuiteRunner.runTest(SuiteRunner.java:402)
	at org.testng.SuiteRunner.runSequentially(SuiteRunner.java:396)
	at org.testng.SuiteRunner.privateRun(SuiteRunner.java:355)
	at org.testng.SuiteRunner.run(SuiteRunner.java:304)
	at org.testng.SuiteRunnerWorker.runSuite(SuiteRunnerWorker.java:53)
	at org.testng.SuiteRunnerWorker.run(SuiteRunnerWorker.java:96)
	at org.testng.TestNG.runSuitesSequentially(TestNG.java:1180)
	at org.testng.TestNG.runSuitesLocally(TestNG.java:1102)
	at org.testng.TestNG.runSuites(TestNG.java:1032)
	at org.testng.TestNG.run(TestNG.java:1000)
	at org.testng.remote.AbstractRemoteTestNG.run(AbstractRemoteTestNG.java:115)
	at org.testng.remote.RemoteTestNG.initAndRun(RemoteTestNG.java:251)
	at org.testng.remote.RemoteTestNG.main(RemoteTestNG.java:77)
</textarea>
					
				</td>
			</tr>
		</tbody>
	</table>
</div>
						<ul class='screenshots'>
							<li><img class='r-img' onerror='this.style.display="none"' data-featherlight='C:\Users\urvashi\Desktop\bluAndroid/Screenshot/Error_tc05_signupManDetails 19_Dec_2019 14_20_03.png' src='C:\Users\urvashi\Desktop\bluAndroid/Screenshot/Error_tc05_signupManDetails 19_Dec_2019 14_20_03.png' data-src='C:\Users\urvashi\Desktop\bluAndroid/Screenshot/Error_tc05_signupManDetails 19_Dec_2019 14_20_03.png'></li>
						</ul>
					</div>
				</li>
				<li class='test displayed active  fail' status='fail' bdd='false' test-id='16'>
					<div class='test-heading'>
						<span class='test-name'>tc06_signupInvalidEmail()</span>
						<span class='test-time'>Dec 19, 2019 02:20:42 PM</span>
						<span class='test-status right fail'>fail</span>
					</div>
					<div class='test-content hide'>
<div class='test-time-info'>
	<span class='label start-time'>Dec 19, 2019 02:20:42 PM</span>
	<span class='label end-time'>Dec 19, 2019 02:20:44 PM</span>
	<span class='label time-taken grey lighten-1 white-text'>0h 0m 1s+957ms</span>
</div>
<div class='test-steps'>
	<table class='bordered table-results'>
		<thead>
			<tr>
				<th>Status</th>
				<th>Timestamp</th>
				<th>Details</th>
			</tr>
		</thead>
		<tbody>
			<tr class='log' status='fail'>
				<td class='status fail' title='fail' alt='fail'><i class='material-icons'>cancel</i></td>
				<td class='timestamp'>2:20:44 PM</td>
				<td class='step-details'>
						<span class='badge white-text red'>tc06_signupInvalidEmail Test case FAILED due to below issues:</span>
					
				</td>
			</tr>
			<tr class='log' status='fail'>
				<td class='status fail' title='fail' alt='fail'><i class='material-icons'>cancel</i></td>
				<td class='timestamp'>2:20:44 PM</td>
				<td class='step-details'>
						<textarea disabled class="code-block">java.lang.IllegalArgumentException: Keys to send should be a not null CharSequence
	at org.openqa.selenium.remote.RemoteWebElement.sendKeys(RemoteWebElement.java:97)
	at bluAndroid.bluAndroid.TestScripts.BluSignUpTestRunner.tc06_signupInvalidEmail(BluSignUpTestRunner.java:126)
	at sun.reflect.NativeMethodAccessorImpl.invoke0(Native Method)
	at sun.reflect.NativeMethodAccessorImpl.invoke(Unknown Source)
	at sun.reflect.DelegatingMethodAccessorImpl.invoke(Unknown Source)
	at java.lang.reflect.Method.invoke(Unknown Source)
	at org.testng.internal.MethodInvocationHelper.invokeMethod(MethodInvocationHelper.java:133)
	at org.testng.internal.TestInvoker.invokeMethod(TestInvoker.java:584)
	at org.testng.internal.TestInvoker.invokeTestMethod(TestInvoker.java:172)
	at org.testng.internal.MethodRunner.runInSequence(MethodRunner.java:46)
	at org.testng.internal.TestInvoker$MethodInvocationAgent.invoke(TestInvoker.java:804)
	at org.testng.internal.TestInvoker.invokeTestMethods(TestInvoker.java:145)
	at org.testng.internal.TestMethodWorker.invokeTestMethods(TestMethodWorker.java:146)
	at org.testng.internal.TestMethodWorker.run(TestMethodWorker.java:128)
	at java.util.ArrayList.forEach(Unknown Source)
	at org.testng.TestRunner.privateRun(TestRunner.java:770)
	at org.testng.TestRunner.run(TestRunner.java:591)
	at org.testng.SuiteRunner.runTest(SuiteRunner.java:402)
	at org.testng.SuiteRunner.runSequentially(SuiteRunner.java:396)
	at org.testng.SuiteRunner.privateRun(SuiteRunner.java:355)
	at org.testng.SuiteRunner.run(SuiteRunner.java:304)
	at org.testng.SuiteRunnerWorker.runSuite(SuiteRunnerWorker.java:53)
	at org.testng.SuiteRunnerWorker.run(SuiteRunnerWorker.java:96)
	at org.testng.TestNG.runSuitesSequentially(TestNG.java:1180)
	at org.testng.TestNG.runSuitesLocally(TestNG.java:1102)
	at org.testng.TestNG.runSuites(TestNG.java:1032)
	at org.testng.TestNG.run(TestNG.java:1000)
	at org.testng.remote.AbstractRemoteTestNG.run(AbstractRemoteTestNG.java:115)
	at org.testng.remote.RemoteTestNG.initAndRun(RemoteTestNG.java:251)
	at org.testng.remote.RemoteTestNG.main(RemoteTestNG.java:77)
</textarea>
					
				</td>
			</tr>
		</tbody>
	</table>
</div>
						<ul class='screenshots'>
							<li><img class='r-img' onerror='this.style.display="none"' data-featherlight='C:\Users\urvashi\Desktop\bluAndroid/Screenshot/Error_tc06_signupInvalidEmail 19_Dec_2019 14_20_44.png' src='C:\Users\urvashi\Desktop\bluAndroid/Screenshot/Error_tc06_signupInvalidEmail 19_Dec_2019 14_20_44.png' data-src='C:\Users\urvashi\Desktop\bluAndroid/Screenshot/Error_tc06_signupInvalidEmail 19_Dec_2019 14_20_44.png'></li>
						</ul>
					</div>
				</li>
				<li class='test displayed active  pass' status='pass' bdd='false' test-id='17'>
					<div class='test-heading'>
						<span class='test-name'>tc07_signupInvalidPassword()</span>
						<span class='test-time'>Dec 19, 2019 02:21:22 PM</span>
						<span class='test-status right pass'>pass</span>
					</div>
					<div class='test-content hide'>
<div class='test-time-info'>
	<span class='label start-time'>Dec 19, 2019 02:21:22 PM</span>
	<span class='label end-time'>Dec 19, 2019 02:22:03 PM</span>
	<span class='label time-taken grey lighten-1 white-text'>0h 0m 40s+205ms</span>
</div>
<div class='test-steps'>
	<table class='bordered table-results'>
		<thead>
			<tr>
				<th>Status</th>
				<th>Timestamp</th>
				<th>Details</th>
			</tr>
		</thead>
		<tbody>
			<tr class='log' status='pass'>
				<td class='status pass' title='pass' alt='pass'><i class='material-icons'>check_circle</i></td>
				<td class='timestamp'>2:22:03 PM</td>
				<td class='step-details'>
						<span class='badge white-text green'>tc07_signupInvalidPassword Test Case PASSED</span>
					
				</td>
			</tr>
		</tbody>
	</table>
</div>
						<ul class='screenshots'>
							<li><img class='r-img' onerror='this.style.display="none"' data-featherlight='C:\Users\urvashi\Desktop\bluAndroid/Screenshot/tc07_signupInvalidPassword 19_Dec_2019 14_22_03.png' src='C:\Users\urvashi\Desktop\bluAndroid/Screenshot/tc07_signupInvalidPassword 19_Dec_2019 14_22_03.png' data-src='C:\Users\urvashi\Desktop\bluAndroid/Screenshot/tc07_signupInvalidPassword 19_Dec_2019 14_22_03.png'></li>
						</ul>
					</div>
				</li>
				<li class='test displayed active  fail' status='fail' bdd='false' test-id='18'>
					<div class='test-heading'>
						<span class='test-name'>tc08_signupNonMatchingPassword()</span>
						<span class='test-time'>Dec 19, 2019 02:22:45 PM</span>
						<span class='test-status right fail'>fail</span>
					</div>
					<div class='test-content hide'>
<div class='test-time-info'>
	<span class='label start-time'>Dec 19, 2019 02:22:45 PM</span>
	<span class='label end-time'>Dec 19, 2019 02:25:05 PM</span>
	<span class='label time-taken grey lighten-1 white-text'>0h 2m 20s+170ms</span>
</div>
<div class='test-steps'>
	<table class='bordered table-results'>
		<thead>
			<tr>
				<th>Status</th>
				<th>Timestamp</th>
				<th>Details</th>
			</tr>
		</thead>
		<tbody>
			<tr class='log' status='fail'>
				<td class='status fail' title='fail' alt='fail'><i class='material-icons'>cancel</i></td>
				<td class='timestamp'>2:25:05 PM</td>
				<td class='step-details'>
						<span class='badge white-text red'>tc08_signupNonMatchingPassword Test case FAILED due to below issues:</span>
					
				</td>
			</tr>
			<tr class='log' status='fail'>
				<td class='status fail' title='fail' alt='fail'><i class='material-icons'>cancel</i></td>
				<td class='timestamp'>2:25:05 PM</td>
				<td class='step-details'>
						<textarea disabled class="code-block">org.openqa.selenium.NoSuchElementException: An element could not be located on the page using the given search parameters.
For documentation on this error, please visit: https://www.seleniumhq.org/exceptions/no_such_element.html
Build info: version: '3.141.59', revision: 'e82be7d358', time: '2018-11-14T08:17:03'
System info: host: 'BLU-LP-00004', ip: '192.168.0.124', os.name: 'Windows 10', os.arch: 'amd64', os.version: '10.0', java.version: '1.8.0_221'
Driver info: io.appium.java_client.android.AndroidDriver
Capabilities {appActivity: sg.com.blu.android.features..., appPackage: sg.com.blu.android, databaseEnabled: false, desired: {appActivity: sg.com.blu.android.features..., appPackage: sg.com.blu.android, deviceName: Galaxy S8+, platformName: android, platformVersion: 8.0.0, resetKeyboard: true, udid: ce031713d5fad93001, unicodeKeyboard: true}, deviceManufacturer: samsung, deviceModel: SM-G955F, deviceName: ce031713d5fad93001, deviceScreenSize: 1440x2960, deviceUDID: ce031713d5fad93001, javascriptEnabled: true, locationContextEnabled: false, networkConnectionEnabled: true, platform: LINUX, platformName: Android, platformVersion: 8.0.0, resetKeyboard: true, takesScreenshot: true, udid: ce031713d5fad93001, unicodeKeyboard: true, warnings: {}, webStorageEnabled: false}
Session ID: f9820fcc-b1e4-4261-aa11-bda7f3fee068
*** Element info: {Using=xpath, value=//android.widget.LinearLayout[@resource-id ='sg.com.blu.android:id/confirm_password_inputField']//android.widget.TextView[@resource-id ='sg.com.blu.android:id/error_tv']}
	at sun.reflect.NativeConstructorAccessorImpl.newInstance0(Native Method)
	at sun.reflect.NativeConstructorAccessorImpl.newInstance(Unknown Source)
	at sun.reflect.DelegatingConstructorAccessorImpl.newInstance(Unknown Source)
	at java.lang.reflect.Constructor.newInstance(Unknown Source)
	at org.openqa.selenium.remote.http.W3CHttpResponseCodec.createException(W3CHttpResponseCodec.java:187)
	at org.openqa.selenium.remote.http.W3CHttpResponseCodec.decode(W3CHttpResponseCodec.java:122)
	at org.openqa.selenium.remote.http.W3CHttpResponseCodec.decode(W3CHttpResponseCodec.java:49)
	at org.openqa.selenium.remote.HttpCommandExecutor.execute(HttpCommandExecutor.java:158)
	at io.appium.java_client.remote.AppiumCommandExecutor.execute(AppiumCommandExecutor.java:239)
	at org.openqa.selenium.remote.RemoteWebDriver.execute(RemoteWebDriver.java:552)
	at io.appium.java_client.DefaultGenericMobileDriver.execute(DefaultGenericMobileDriver.java:41)
	at io.appium.java_client.AppiumDriver.execute(AppiumDriver.java:1)
	at io.appium.java_client.android.AndroidDriver.execute(AndroidDriver.java:1)
	at org.openqa.selenium.remote.RemoteWebDriver.findElement(RemoteWebDriver.java:323)
	at io.appium.java_client.DefaultGenericMobileDriver.findElement(DefaultGenericMobileDriver.java:61)
	at io.appium.java_client.AppiumDriver.findElement(AppiumDriver.java:1)
	at io.appium.java_client.android.AndroidDriver.findElement(AndroidDriver.java:1)
	at org.openqa.selenium.remote.RemoteWebDriver.findElementByXPath(RemoteWebDriver.java:428)
	at io.appium.java_client.DefaultGenericMobileDriver.findElementByXPath(DefaultGenericMobileDriver.java:151)
	at io.appium.java_client.AppiumDriver.findElementByXPath(AppiumDriver.java:1)
	at io.appium.java_client.android.AndroidDriver.findElementByXPath(AndroidDriver.java:1)
	at org.openqa.selenium.By$ByXPath.findElement(By.java:353)
	at org.openqa.selenium.remote.RemoteWebDriver.findElement(RemoteWebDriver.java:315)
	at io.appium.java_client.DefaultGenericMobileDriver.findElement(DefaultGenericMobileDriver.java:57)
	at io.appium.java_client.AppiumDriver.findElement(AppiumDriver.java:1)
	at io.appium.java_client.android.AndroidDriver.findElement(AndroidDriver.java:1)
	at bluAndroid.bluAndroid.TestScripts.BluSignUpTestRunner.tc08_signupNonMatchingPassword(BluSignUpTestRunner.java:200)
	at sun.reflect.NativeMethodAccessorImpl.invoke0(Native Method)
	at sun.reflect.NativeMethodAccessorImpl.invoke(Unknown Source)
	at sun.reflect.DelegatingMethodAccessorImpl.invoke(Unknown Source)
	at java.lang.reflect.Method.invoke(Unknown Source)
	at org.testng.internal.MethodInvocationHelper.invokeMethod(MethodInvocationHelper.java:133)
	at org.testng.internal.TestInvoker.invokeMethod(TestInvoker.java:584)
	at org.testng.internal.TestInvoker.invokeTestMethod(TestInvoker.java:172)
	at org.testng.internal.MethodRunner.runInSequence(MethodRunner.java:46)
	at org.testng.internal.TestInvoker$MethodInvocationAgent.invoke(TestInvoker.java:804)
	at org.testng.internal.TestInvoker.invokeTestMethods(TestInvoker.java:145)
	at org.testng.internal.TestMethodWorker.invokeTestMethods(TestMethodWorker.java:146)
	at org.testng.internal.TestMethodWorker.run(TestMethodWorker.java:128)
	at java.util.ArrayList.forEach(Unknown Source)
	at org.testng.TestRunner.privateRun(TestRunner.java:770)
	at org.testng.TestRunner.run(TestRunner.java:591)
	at org.testng.SuiteRunner.runTest(SuiteRunner.java:402)
	at org.testng.SuiteRunner.runSequentially(SuiteRunner.java:396)
	at org.testng.SuiteRunner.privateRun(SuiteRunner.java:355)
	at org.testng.SuiteRunner.run(SuiteRunner.java:304)
	at org.testng.SuiteRunnerWorker.runSuite(SuiteRunnerWorker.java:53)
	at org.testng.SuiteRunnerWorker.run(SuiteRunnerWorker.java:96)
	at org.testng.TestNG.runSuitesSequentially(TestNG.java:1180)
	at org.testng.TestNG.runSuitesLocally(TestNG.java:1102)
	at org.testng.TestNG.runSuites(TestNG.java:1032)
	at org.testng.TestNG.run(TestNG.java:1000)
	at org.testng.remote.AbstractRemoteTestNG.run(AbstractRemoteTestNG.java:115)
	at org.testng.remote.RemoteTestNG.initAndRun(RemoteTestNG.java:251)
	at org.testng.remote.RemoteTestNG.main(RemoteTestNG.java:77)
</textarea>
					
				</td>
			</tr>
		</tbody>
	</table>
</div>
						<ul class='screenshots'>
							<li><img class='r-img' onerror='this.style.display="none"' data-featherlight='C:\Users\urvashi\Desktop\bluAndroid/Screenshot/Error_tc08_signupNonMatchingPassword 19_Dec_2019 14_25_05.png' src='C:\Users\urvashi\Desktop\bluAndroid/Screenshot/Error_tc08_signupNonMatchingPassword 19_Dec_2019 14_25_05.png' data-src='C:\Users\urvashi\Desktop\bluAndroid/Screenshot/Error_tc08_signupNonMatchingPassword 19_Dec_2019 14_25_05.png'></li>
						</ul>
					</div>
				</li>
				<li class='test displayed active  pass' status='pass' bdd='false' test-id='19'>
					<div class='test-heading'>
						<span class='test-name'>tc09_signupInvalidFirstname()</span>
						<span class='test-time'>Dec 19, 2019 02:25:46 PM</span>
						<span class='test-status right pass'>pass</span>
					</div>
					<div class='test-content hide'>
<div class='test-time-info'>
	<span class='label start-time'>Dec 19, 2019 02:25:46 PM</span>
	<span class='label end-time'>Dec 19, 2019 02:26:20 PM</span>
	<span class='label time-taken grey lighten-1 white-text'>0h 0m 34s+429ms</span>
</div>
<div class='test-steps'>
	<table class='bordered table-results'>
		<thead>
			<tr>
				<th>Status</th>
				<th>Timestamp</th>
				<th>Details</th>
			</tr>
		</thead>
		<tbody>
			<tr class='log' status='pass'>
				<td class='status pass' title='pass' alt='pass'><i class='material-icons'>check_circle</i></td>
				<td class='timestamp'>2:26:20 PM</td>
				<td class='step-details'>
						<span class='badge white-text green'>tc09_signupInvalidFirstname Test Case PASSED</span>
					
				</td>
			</tr>
		</tbody>
	</table>
</div>
						<ul class='screenshots'>
							<li><img class='r-img' onerror='this.style.display="none"' data-featherlight='C:\Users\urvashi\Desktop\bluAndroid/Screenshot/tc09_signupInvalidFirstname 19_Dec_2019 14_26_20.png' src='C:\Users\urvashi\Desktop\bluAndroid/Screenshot/tc09_signupInvalidFirstname 19_Dec_2019 14_26_20.png' data-src='C:\Users\urvashi\Desktop\bluAndroid/Screenshot/tc09_signupInvalidFirstname 19_Dec_2019 14_26_20.png'></li>
						</ul>
					</div>
				</li>
				<li class='test displayed active  fail' status='fail' bdd='false' test-id='20'>
					<div class='test-heading'>
						<span class='test-name'>tc10_signupInvalidMobile()</span>
						<span class='test-time'>Dec 19, 2019 02:27:00 PM</span>
						<span class='test-status right fail'>fail</span>
					</div>
					<div class='test-content hide'>
<div class='test-time-info'>
	<span class='label start-time'>Dec 19, 2019 02:27:00 PM</span>
	<span class='label end-time'>Dec 19, 2019 02:29:20 PM</span>
	<span class='label time-taken grey lighten-1 white-text'>0h 2m 20s+648ms</span>
</div>
<div class='test-steps'>
	<table class='bordered table-results'>
		<thead>
			<tr>
				<th>Status</th>
				<th>Timestamp</th>
				<th>Details</th>
			</tr>
		</thead>
		<tbody>
			<tr class='log' status='fail'>
				<td class='status fail' title='fail' alt='fail'><i class='material-icons'>cancel</i></td>
				<td class='timestamp'>2:29:20 PM</td>
				<td class='step-details'>
						<span class='badge white-text red'>tc10_signupInvalidMobile Test case FAILED due to below issues:</span>
					
				</td>
			</tr>
			<tr class='log' status='fail'>
				<td class='status fail' title='fail' alt='fail'><i class='material-icons'>cancel</i></td>
				<td class='timestamp'>2:29:20 PM</td>
				<td class='step-details'>
						<textarea disabled class="code-block">org.openqa.selenium.NoSuchElementException: An element could not be located on the page using the given search parameters.
For documentation on this error, please visit: https://www.seleniumhq.org/exceptions/no_such_element.html
Build info: version: '3.141.59', revision: 'e82be7d358', time: '2018-11-14T08:17:03'
System info: host: 'BLU-LP-00004', ip: '192.168.0.124', os.name: 'Windows 10', os.arch: 'amd64', os.version: '10.0', java.version: '1.8.0_221'
Driver info: io.appium.java_client.android.AndroidDriver
Capabilities {appActivity: sg.com.blu.android.features..., appPackage: sg.com.blu.android, databaseEnabled: false, desired: {appActivity: sg.com.blu.android.features..., appPackage: sg.com.blu.android, deviceName: Galaxy S8+, platformName: android, platformVersion: 8.0.0, resetKeyboard: true, udid: ce031713d5fad93001, unicodeKeyboard: true}, deviceManufacturer: samsung, deviceModel: SM-G955F, deviceName: ce031713d5fad93001, deviceScreenSize: 1440x2960, deviceUDID: ce031713d5fad93001, javascriptEnabled: true, locationContextEnabled: false, networkConnectionEnabled: true, platform: LINUX, platformName: Android, platformVersion: 8.0.0, resetKeyboard: true, takesScreenshot: true, udid: ce031713d5fad93001, unicodeKeyboard: true, warnings: {}, webStorageEnabled: false}
Session ID: 52d9610c-c6b3-4720-9cd2-3e0691207ff0
*** Element info: {Using=xpath, value=//android.widget.LinearLayout[@resource-id ='sg.com.blu.android:id/mobile_number_inputField']//android.widget.TextView[@resource-id ='sg.com.blu.android:id/error_tv']}
	at sun.reflect.NativeConstructorAccessorImpl.newInstance0(Native Method)
	at sun.reflect.NativeConstructorAccessorImpl.newInstance(Unknown Source)
	at sun.reflect.DelegatingConstructorAccessorImpl.newInstance(Unknown Source)
	at java.lang.reflect.Constructor.newInstance(Unknown Source)
	at org.openqa.selenium.remote.http.W3CHttpResponseCodec.createException(W3CHttpResponseCodec.java:187)
	at org.openqa.selenium.remote.http.W3CHttpResponseCodec.decode(W3CHttpResponseCodec.java:122)
	at org.openqa.selenium.remote.http.W3CHttpResponseCodec.decode(W3CHttpResponseCodec.java:49)
	at org.openqa.selenium.remote.HttpCommandExecutor.execute(HttpCommandExecutor.java:158)
	at io.appium.java_client.remote.AppiumCommandExecutor.execute(AppiumCommandExecutor.java:239)
	at org.openqa.selenium.remote.RemoteWebDriver.execute(RemoteWebDriver.java:552)
	at io.appium.java_client.DefaultGenericMobileDriver.execute(DefaultGenericMobileDriver.java:41)
	at io.appium.java_client.AppiumDriver.execute(AppiumDriver.java:1)
	at io.appium.java_client.android.AndroidDriver.execute(AndroidDriver.java:1)
	at org.openqa.selenium.remote.RemoteWebDriver.findElement(RemoteWebDriver.java:323)
	at io.appium.java_client.DefaultGenericMobileDriver.findElement(DefaultGenericMobileDriver.java:61)
	at io.appium.java_client.AppiumDriver.findElement(AppiumDriver.java:1)
	at io.appium.java_client.android.AndroidDriver.findElement(AndroidDriver.java:1)
	at org.openqa.selenium.remote.RemoteWebDriver.findElementByXPath(RemoteWebDriver.java:428)
	at io.appium.java_client.DefaultGenericMobileDriver.findElementByXPath(DefaultGenericMobileDriver.java:151)
	at io.appium.java_client.AppiumDriver.findElementByXPath(AppiumDriver.java:1)
	at io.appium.java_client.android.AndroidDriver.findElementByXPath(AndroidDriver.java:1)
	at org.openqa.selenium.By$ByXPath.findElement(By.java:353)
	at org.openqa.selenium.remote.RemoteWebDriver.findElement(RemoteWebDriver.java:315)
	at io.appium.java_client.DefaultGenericMobileDriver.findElement(DefaultGenericMobileDriver.java:57)
	at io.appium.java_client.AppiumDriver.findElement(AppiumDriver.java:1)
	at io.appium.java_client.android.AndroidDriver.findElement(AndroidDriver.java:1)
	at bluAndroid.bluAndroid.TestScripts.BluSignUpTestRunner.tc10_signupInvalidMobile(BluSignUpTestRunner.java:249)
	at sun.reflect.NativeMethodAccessorImpl.invoke0(Native Method)
	at sun.reflect.NativeMethodAccessorImpl.invoke(Unknown Source)
	at sun.reflect.DelegatingMethodAccessorImpl.invoke(Unknown Source)
	at java.lang.reflect.Method.invoke(Unknown Source)
	at org.testng.internal.MethodInvocationHelper.invokeMethod(MethodInvocationHelper.java:133)
	at org.testng.internal.TestInvoker.invokeMethod(TestInvoker.java:584)
	at org.testng.internal.TestInvoker.invokeTestMethod(TestInvoker.java:172)
	at org.testng.internal.MethodRunner.runInSequence(MethodRunner.java:46)
	at org.testng.internal.TestInvoker$MethodInvocationAgent.invoke(TestInvoker.java:804)
	at org.testng.internal.TestInvoker.invokeTestMethods(TestInvoker.java:145)
	at org.testng.internal.TestMethodWorker.invokeTestMethods(TestMethodWorker.java:146)
	at org.testng.internal.TestMethodWorker.run(TestMethodWorker.java:128)
	at java.util.ArrayList.forEach(Unknown Source)
	at org.testng.TestRunner.privateRun(TestRunner.java:770)
	at org.testng.TestRunner.run(TestRunner.java:591)
	at org.testng.SuiteRunner.runTest(SuiteRunner.java:402)
	at org.testng.SuiteRunner.runSequentially(SuiteRunner.java:396)
	at org.testng.SuiteRunner.privateRun(SuiteRunner.java:355)
	at org.testng.SuiteRunner.run(SuiteRunner.java:304)
	at org.testng.SuiteRunnerWorker.runSuite(SuiteRunnerWorker.java:53)
	at org.testng.SuiteRunnerWorker.run(SuiteRunnerWorker.java:96)
	at org.testng.TestNG.runSuitesSequentially(TestNG.java:1180)
	at org.testng.TestNG.runSuitesLocally(TestNG.java:1102)
	at org.testng.TestNG.runSuites(TestNG.java:1032)
	at org.testng.TestNG.run(TestNG.java:1000)
	at org.testng.remote.AbstractRemoteTestNG.run(AbstractRemoteTestNG.java:115)
	at org.testng.remote.RemoteTestNG.initAndRun(RemoteTestNG.java:251)
	at org.testng.remote.RemoteTestNG.main(RemoteTestNG.java:77)
</textarea>
					
				</td>
			</tr>
		</tbody>
	</table>
</div>
						<ul class='screenshots'>
							<li><img class='r-img' onerror='this.style.display="none"' data-featherlight='C:\Users\urvashi\Desktop\bluAndroid/Screenshot/Error_tc10_signupInvalidMobile 19_Dec_2019 14_29_20.png' src='C:\Users\urvashi\Desktop\bluAndroid/Screenshot/Error_tc10_signupInvalidMobile 19_Dec_2019 14_29_20.png' data-src='C:\Users\urvashi\Desktop\bluAndroid/Screenshot/Error_tc10_signupInvalidMobile 19_Dec_2019 14_29_20.png'></li>
						</ul>
					</div>
				</li>
				<li class='test displayed active  pass' status='pass' bdd='false' test-id='21'>
					<div class='test-heading'>
						<span class='test-name'>tc11_signupInvalidRefferalCode()</span>
						<span class='test-time'>Dec 19, 2019 02:29:59 PM</span>
						<span class='test-status right pass'>pass</span>
					</div>
					<div class='test-content hide'>
<div class='test-time-info'>
	<span class='label start-time'>Dec 19, 2019 02:29:59 PM</span>
	<span class='label end-time'>Dec 19, 2019 02:31:44 PM</span>
	<span class='label time-taken grey lighten-1 white-text'>0h 1m 44s+693ms</span>
</div>
<div class='test-steps'>
	<table class='bordered table-results'>
		<thead>
			<tr>
				<th>Status</th>
				<th>Timestamp</th>
				<th>Details</th>
			</tr>
		</thead>
		<tbody>
			<tr class='log' status='pass'>
				<td class='status pass' title='pass' alt='pass'><i class='material-icons'>check_circle</i></td>
				<td class='timestamp'>2:31:44 PM</td>
				<td class='step-details'>
						<span class='badge white-text green'>tc11_signupInvalidRefferalCode Test Case PASSED</span>
					
				</td>
			</tr>
		</tbody>
	</table>
</div>
						<ul class='screenshots'>
							<li><img class='r-img' onerror='this.style.display="none"' data-featherlight='C:\Users\urvashi\Desktop\bluAndroid/Screenshot/tc11_signupInvalidRefferalCode 19_Dec_2019 14_31_44.png' src='C:\Users\urvashi\Desktop\bluAndroid/Screenshot/tc11_signupInvalidRefferalCode 19_Dec_2019 14_31_44.png' data-src='C:\Users\urvashi\Desktop\bluAndroid/Screenshot/tc11_signupInvalidRefferalCode 19_Dec_2019 14_31_44.png'></li>
						</ul>
					</div>
				</li>
				<li class='test displayed active  fail' status='fail' bdd='false' test-id='22'>
					<div class='test-heading'>
						<span class='test-name'>tc12_signupWithoutEmail()</span>
						<span class='test-time'>Dec 19, 2019 02:32:24 PM</span>
						<span class='test-status right fail'>fail</span>
					</div>
					<div class='test-content hide'>
<div class='test-time-info'>
	<span class='label start-time'>Dec 19, 2019 02:32:24 PM</span>
	<span class='label end-time'>Dec 19, 2019 02:34:36 PM</span>
	<span class='label time-taken grey lighten-1 white-text'>0h 2m 12s+177ms</span>
</div>
<div class='test-steps'>
	<table class='bordered table-results'>
		<thead>
			<tr>
				<th>Status</th>
				<th>Timestamp</th>
				<th>Details</th>
			</tr>
		</thead>
		<tbody>
			<tr class='log' status='fail'>
				<td class='status fail' title='fail' alt='fail'><i class='material-icons'>cancel</i></td>
				<td class='timestamp'>2:34:36 PM</td>
				<td class='step-details'>
						<span class='badge white-text red'>tc12_signupWithoutEmail Test case FAILED due to below issues:</span>
					
				</td>
			</tr>
			<tr class='log' status='fail'>
				<td class='status fail' title='fail' alt='fail'><i class='material-icons'>cancel</i></td>
				<td class='timestamp'>2:34:36 PM</td>
				<td class='step-details'>
						<textarea disabled class="code-block">org.openqa.selenium.NoSuchElementException: An element could not be located on the page using the given search parameters.
For documentation on this error, please visit: https://www.seleniumhq.org/exceptions/no_such_element.html
Build info: version: '3.141.59', revision: 'e82be7d358', time: '2018-11-14T08:17:03'
System info: host: 'BLU-LP-00004', ip: '192.168.0.124', os.name: 'Windows 10', os.arch: 'amd64', os.version: '10.0', java.version: '1.8.0_221'
Driver info: io.appium.java_client.android.AndroidDriver
Capabilities {appActivity: sg.com.blu.android.features..., appPackage: sg.com.blu.android, databaseEnabled: false, desired: {appActivity: sg.com.blu.android.features..., appPackage: sg.com.blu.android, deviceName: Galaxy S8+, platformName: android, platformVersion: 8.0.0, resetKeyboard: true, udid: ce031713d5fad93001, unicodeKeyboard: true}, deviceManufacturer: samsung, deviceModel: SM-G955F, deviceName: ce031713d5fad93001, deviceScreenSize: 1440x2960, deviceUDID: ce031713d5fad93001, javascriptEnabled: true, locationContextEnabled: false, networkConnectionEnabled: true, platform: LINUX, platformName: Android, platformVersion: 8.0.0, resetKeyboard: true, takesScreenshot: true, udid: ce031713d5fad93001, unicodeKeyboard: true, warnings: {}, webStorageEnabled: false}
Session ID: ba17d960-293c-4a64-a501-48dd08018327
*** Element info: {Using=id, value=sg.com.blu.android:id/error_tv}
	at sun.reflect.NativeConstructorAccessorImpl.newInstance0(Native Method)
	at sun.reflect.NativeConstructorAccessorImpl.newInstance(Unknown Source)
	at sun.reflect.DelegatingConstructorAccessorImpl.newInstance(Unknown Source)
	at java.lang.reflect.Constructor.newInstance(Unknown Source)
	at org.openqa.selenium.remote.http.W3CHttpResponseCodec.createException(W3CHttpResponseCodec.java:187)
	at org.openqa.selenium.remote.http.W3CHttpResponseCodec.decode(W3CHttpResponseCodec.java:122)
	at org.openqa.selenium.remote.http.W3CHttpResponseCodec.decode(W3CHttpResponseCodec.java:49)
	at org.openqa.selenium.remote.HttpCommandExecutor.execute(HttpCommandExecutor.java:158)
	at io.appium.java_client.remote.AppiumCommandExecutor.execute(AppiumCommandExecutor.java:239)
	at org.openqa.selenium.remote.RemoteWebDriver.execute(RemoteWebDriver.java:552)
	at io.appium.java_client.DefaultGenericMobileDriver.execute(DefaultGenericMobileDriver.java:41)
	at io.appium.java_client.AppiumDriver.execute(AppiumDriver.java:1)
	at io.appium.java_client.android.AndroidDriver.execute(AndroidDriver.java:1)
	at org.openqa.selenium.remote.RemoteWebDriver.findElement(RemoteWebDriver.java:323)
	at io.appium.java_client.DefaultGenericMobileDriver.findElement(DefaultGenericMobileDriver.java:61)
	at io.appium.java_client.AppiumDriver.findElement(AppiumDriver.java:1)
	at io.appium.java_client.android.AndroidDriver.findElement(AndroidDriver.java:1)
	at org.openqa.selenium.remote.RemoteWebDriver.findElementById(RemoteWebDriver.java:372)
	at io.appium.java_client.DefaultGenericMobileDriver.findElementById(DefaultGenericMobileDriver.java:69)
	at io.appium.java_client.AppiumDriver.findElementById(AppiumDriver.java:1)
	at io.appium.java_client.android.AndroidDriver.findElementById(AndroidDriver.java:1)
	at org.openqa.selenium.By$ById.findElement(By.java:188)
	at org.openqa.selenium.remote.RemoteWebDriver.findElement(RemoteWebDriver.java:315)
	at io.appium.java_client.DefaultGenericMobileDriver.findElement(DefaultGenericMobileDriver.java:57)
	at io.appium.java_client.AppiumDriver.findElement(AppiumDriver.java:1)
	at io.appium.java_client.android.AndroidDriver.findElement(AndroidDriver.java:1)
	at bluAndroid.bluAndroid.TestScripts.BluSignUpTestRunner.tc12_signupWithoutEmail(BluSignUpTestRunner.java:320)
	at sun.reflect.NativeMethodAccessorImpl.invoke0(Native Method)
	at sun.reflect.NativeMethodAccessorImpl.invoke(Unknown Source)
	at sun.reflect.DelegatingMethodAccessorImpl.invoke(Unknown Source)
	at java.lang.reflect.Method.invoke(Unknown Source)
	at org.testng.internal.MethodInvocationHelper.invokeMethod(MethodInvocationHelper.java:133)
	at org.testng.internal.TestInvoker.invokeMethod(TestInvoker.java:584)
	at org.testng.internal.TestInvoker.invokeTestMethod(TestInvoker.java:172)
	at org.testng.internal.MethodRunner.runInSequence(MethodRunner.java:46)
	at org.testng.internal.TestInvoker$MethodInvocationAgent.invoke(TestInvoker.java:804)
	at org.testng.internal.TestInvoker.invokeTestMethods(TestInvoker.java:145)
	at org.testng.internal.TestMethodWorker.invokeTestMethods(TestMethodWorker.java:146)
	at org.testng.internal.TestMethodWorker.run(TestMethodWorker.java:128)
	at java.util.ArrayList.forEach(Unknown Source)
	at org.testng.TestRunner.privateRun(TestRunner.java:770)
	at org.testng.TestRunner.run(TestRunner.java:591)
	at org.testng.SuiteRunner.runTest(SuiteRunner.java:402)
	at org.testng.SuiteRunner.runSequentially(SuiteRunner.java:396)
	at org.testng.SuiteRunner.privateRun(SuiteRunner.java:355)
	at org.testng.SuiteRunner.run(SuiteRunner.java:304)
	at org.testng.SuiteRunnerWorker.runSuite(SuiteRunnerWorker.java:53)
	at org.testng.SuiteRunnerWorker.run(SuiteRunnerWorker.java:96)
	at org.testng.TestNG.runSuitesSequentially(TestNG.java:1180)
	at org.testng.TestNG.runSuitesLocally(TestNG.java:1102)
	at org.testng.TestNG.runSuites(TestNG.java:1032)
	at org.testng.TestNG.run(TestNG.java:1000)
	at org.testng.remote.AbstractRemoteTestNG.run(AbstractRemoteTestNG.java:115)
	at org.testng.remote.RemoteTestNG.initAndRun(RemoteTestNG.java:251)
	at org.testng.remote.RemoteTestNG.main(RemoteTestNG.java:77)
</textarea>
					
				</td>
			</tr>
		</tbody>
	</table>
</div>
						<ul class='screenshots'>
							<li><img class='r-img' onerror='this.style.display="none"' data-featherlight='C:\Users\urvashi\Desktop\bluAndroid/Screenshot/Error_tc12_signupWithoutEmail 19_Dec_2019 14_34_36.png' src='C:\Users\urvashi\Desktop\bluAndroid/Screenshot/Error_tc12_signupWithoutEmail 19_Dec_2019 14_34_36.png' data-src='C:\Users\urvashi\Desktop\bluAndroid/Screenshot/Error_tc12_signupWithoutEmail 19_Dec_2019 14_34_36.png'></li>
						</ul>
					</div>
				</li>
				<li class='test displayed active  pass' status='pass' bdd='false' test-id='23'>
					<div class='test-heading'>
						<span class='test-name'>tc13_signupWithoutPassword()</span>
						<span class='test-time'>Dec 19, 2019 02:35:15 PM</span>
						<span class='test-status right pass'>pass</span>
					</div>
					<div class='test-content hide'>
<div class='test-time-info'>
	<span class='label start-time'>Dec 19, 2019 02:35:15 PM</span>
	<span class='label end-time'>Dec 19, 2019 02:35:44 PM</span>
	<span class='label time-taken grey lighten-1 white-text'>0h 0m 29s+82ms</span>
</div>
<div class='test-steps'>
	<table class='bordered table-results'>
		<thead>
			<tr>
				<th>Status</th>
				<th>Timestamp</th>
				<th>Details</th>
			</tr>
		</thead>
		<tbody>
			<tr class='log' status='pass'>
				<td class='status pass' title='pass' alt='pass'><i class='material-icons'>check_circle</i></td>
				<td class='timestamp'>2:35:44 PM</td>
				<td class='step-details'>
						<span class='badge white-text green'>tc13_signupWithoutPassword Test Case PASSED</span>
					
				</td>
			</tr>
		</tbody>
	</table>
</div>
						<ul class='screenshots'>
							<li><img class='r-img' onerror='this.style.display="none"' data-featherlight='C:\Users\urvashi\Desktop\bluAndroid/Screenshot/tc13_signupWithoutPassword 19_Dec_2019 14_35_44.png' src='C:\Users\urvashi\Desktop\bluAndroid/Screenshot/tc13_signupWithoutPassword 19_Dec_2019 14_35_44.png' data-src='C:\Users\urvashi\Desktop\bluAndroid/Screenshot/tc13_signupWithoutPassword 19_Dec_2019 14_35_44.png'></li>
						</ul>
					</div>
				</li>
				<li class='test displayed active  fail' status='fail' bdd='false' test-id='24'>
					<div class='test-heading'>
						<span class='test-name'>tc14_signupWithoutConfirmingPass</span>
						<span class='test-time'>Dec 19, 2019 02:36:24 PM</span>
						<span class='test-status right fail'>fail</span>
					</div>
					<div class='test-content hide'>
<div class='test-time-info'>
	<span class='label start-time'>Dec 19, 2019 02:36:24 PM</span>
	<span class='label end-time'>Dec 19, 2019 02:38:38 PM</span>
	<span class='label time-taken grey lighten-1 white-text'>0h 2m 13s+611ms</span>
</div>
<div class='test-steps'>
	<table class='bordered table-results'>
		<thead>
			<tr>
				<th>Status</th>
				<th>Timestamp</th>
				<th>Details</th>
			</tr>
		</thead>
		<tbody>
			<tr class='log' status='fail'>
				<td class='status fail' title='fail' alt='fail'><i class='material-icons'>cancel</i></td>
				<td class='timestamp'>2:38:38 PM</td>
				<td class='step-details'>
						<span class='badge white-text red'>tc14_signupWithoutConfirmingPass Test case FAILED due to below issues:</span>
					
				</td>
			</tr>
			<tr class='log' status='fail'>
				<td class='status fail' title='fail' alt='fail'><i class='material-icons'>cancel</i></td>
				<td class='timestamp'>2:38:38 PM</td>
				<td class='step-details'>
						<textarea disabled class="code-block">org.openqa.selenium.NoSuchElementException: An element could not be located on the page using the given search parameters.
For documentation on this error, please visit: https://www.seleniumhq.org/exceptions/no_such_element.html
Build info: version: '3.141.59', revision: 'e82be7d358', time: '2018-11-14T08:17:03'
System info: host: 'BLU-LP-00004', ip: '192.168.0.124', os.name: 'Windows 10', os.arch: 'amd64', os.version: '10.0', java.version: '1.8.0_221'
Driver info: io.appium.java_client.android.AndroidDriver
Capabilities {appActivity: sg.com.blu.android.features..., appPackage: sg.com.blu.android, databaseEnabled: false, desired: {appActivity: sg.com.blu.android.features..., appPackage: sg.com.blu.android, deviceName: Galaxy S8+, platformName: android, platformVersion: 8.0.0, resetKeyboard: true, udid: ce031713d5fad93001, unicodeKeyboard: true}, deviceManufacturer: samsung, deviceModel: SM-G955F, deviceName: ce031713d5fad93001, deviceScreenSize: 1440x2960, deviceUDID: ce031713d5fad93001, javascriptEnabled: true, locationContextEnabled: false, networkConnectionEnabled: true, platform: LINUX, platformName: Android, platformVersion: 8.0.0, resetKeyboard: true, takesScreenshot: true, udid: ce031713d5fad93001, unicodeKeyboard: true, warnings: {}, webStorageEnabled: false}
Session ID: bff0dbd0-60c0-4091-a6b6-7216b84899df
*** Element info: {Using=xpath, value=//android.widget.LinearLayout[@resource-id ='sg.com.blu.android:id/confirm_password_inputField']//android.widget.TextView[@resource-id ='sg.com.blu.android:id/error_tv']}
	at sun.reflect.NativeConstructorAccessorImpl.newInstance0(Native Method)
	at sun.reflect.NativeConstructorAccessorImpl.newInstance(Unknown Source)
	at sun.reflect.DelegatingConstructorAccessorImpl.newInstance(Unknown Source)
	at java.lang.reflect.Constructor.newInstance(Unknown Source)
	at org.openqa.selenium.remote.http.W3CHttpResponseCodec.createException(W3CHttpResponseCodec.java:187)
	at org.openqa.selenium.remote.http.W3CHttpResponseCodec.decode(W3CHttpResponseCodec.java:122)
	at org.openqa.selenium.remote.http.W3CHttpResponseCodec.decode(W3CHttpResponseCodec.java:49)
	at org.openqa.selenium.remote.HttpCommandExecutor.execute(HttpCommandExecutor.java:158)
	at io.appium.java_client.remote.AppiumCommandExecutor.execute(AppiumCommandExecutor.java:239)
	at org.openqa.selenium.remote.RemoteWebDriver.execute(RemoteWebDriver.java:552)
	at io.appium.java_client.DefaultGenericMobileDriver.execute(DefaultGenericMobileDriver.java:41)
	at io.appium.java_client.AppiumDriver.execute(AppiumDriver.java:1)
	at io.appium.java_client.android.AndroidDriver.execute(AndroidDriver.java:1)
	at org.openqa.selenium.remote.RemoteWebDriver.findElement(RemoteWebDriver.java:323)
	at io.appium.java_client.DefaultGenericMobileDriver.findElement(DefaultGenericMobileDriver.java:61)
	at io.appium.java_client.AppiumDriver.findElement(AppiumDriver.java:1)
	at io.appium.java_client.android.AndroidDriver.findElement(AndroidDriver.java:1)
	at org.openqa.selenium.remote.RemoteWebDriver.findElementByXPath(RemoteWebDriver.java:428)
	at io.appium.java_client.DefaultGenericMobileDriver.findElementByXPath(DefaultGenericMobileDriver.java:151)
	at io.appium.java_client.AppiumDriver.findElementByXPath(AppiumDriver.java:1)
	at io.appium.java_client.android.AndroidDriver.findElementByXPath(AndroidDriver.java:1)
	at org.openqa.selenium.By$ByXPath.findElement(By.java:353)
	at org.openqa.selenium.remote.RemoteWebDriver.findElement(RemoteWebDriver.java:315)
	at io.appium.java_client.DefaultGenericMobileDriver.findElement(DefaultGenericMobileDriver.java:57)
	at io.appium.java_client.AppiumDriver.findElement(AppiumDriver.java:1)
	at io.appium.java_client.android.AndroidDriver.findElement(AndroidDriver.java:1)
	at bluAndroid.bluAndroid.TestScripts.BluSignUpTestRunner.tc14_signupWithoutConfirmingPass(BluSignUpTestRunner.java:366)
	at sun.reflect.NativeMethodAccessorImpl.invoke0(Native Method)
	at sun.reflect.NativeMethodAccessorImpl.invoke(Unknown Source)
	at sun.reflect.DelegatingMethodAccessorImpl.invoke(Unknown Source)
	at java.lang.reflect.Method.invoke(Unknown Source)
	at org.testng.internal.MethodInvocationHelper.invokeMethod(MethodInvocationHelper.java:133)
	at org.testng.internal.TestInvoker.invokeMethod(TestInvoker.java:584)
	at org.testng.internal.TestInvoker.invokeTestMethod(TestInvoker.java:172)
	at org.testng.internal.MethodRunner.runInSequence(MethodRunner.java:46)
	at org.testng.internal.TestInvoker$MethodInvocationAgent.invoke(TestInvoker.java:804)
	at org.testng.internal.TestInvoker.invokeTestMethods(TestInvoker.java:145)
	at org.testng.internal.TestMethodWorker.invokeTestMethods(TestMethodWorker.java:146)
	at org.testng.internal.TestMethodWorker.run(TestMethodWorker.java:128)
	at java.util.ArrayList.forEach(Unknown Source)
	at org.testng.TestRunner.privateRun(TestRunner.java:770)
	at org.testng.TestRunner.run(TestRunner.java:591)
	at org.testng.SuiteRunner.runTest(SuiteRunner.java:402)
	at org.testng.SuiteRunner.runSequentially(SuiteRunner.java:396)
	at org.testng.SuiteRunner.privateRun(SuiteRunner.java:355)
	at org.testng.SuiteRunner.run(SuiteRunner.java:304)
	at org.testng.SuiteRunnerWorker.runSuite(SuiteRunnerWorker.java:53)
	at org.testng.SuiteRunnerWorker.run(SuiteRunnerWorker.java:96)
	at org.testng.TestNG.runSuitesSequentially(TestNG.java:1180)
	at org.testng.TestNG.runSuitesLocally(TestNG.java:1102)
	at org.testng.TestNG.runSuites(TestNG.java:1032)
	at org.testng.TestNG.run(TestNG.java:1000)
	at org.testng.remote.AbstractRemoteTestNG.run(AbstractRemoteTestNG.java:115)
	at org.testng.remote.RemoteTestNG.initAndRun(RemoteTestNG.java:251)
	at org.testng.remote.RemoteTestNG.main(RemoteTestNG.java:77)
</textarea>
					
				</td>
			</tr>
		</tbody>
	</table>
</div>
						<ul class='screenshots'>
							<li><img class='r-img' onerror='this.style.display="none"' data-featherlight='C:\Users\urvashi\Desktop\bluAndroid/Screenshot/Error_tc14_signupWithoutConfirmingPass 19_Dec_2019 14_38_38.png' src='C:\Users\urvashi\Desktop\bluAndroid/Screenshot/Error_tc14_signupWithoutConfirmingPass 19_Dec_2019 14_38_38.png' data-src='C:\Users\urvashi\Desktop\bluAndroid/Screenshot/Error_tc14_signupWithoutConfirmingPass 19_Dec_2019 14_38_38.png'></li>
						</ul>
					</div>
				</li>
				<li class='test displayed active  pass' status='pass' bdd='false' test-id='25'>
					<div class='test-heading'>
						<span class='test-name'>tc15_signupWithoutFirstName()</span>
						<span class='test-time'>Dec 19, 2019 02:39:17 PM</span>
						<span class='test-status right pass'>pass</span>
					</div>
					<div class='test-content hide'>
<div class='test-time-info'>
	<span class='label start-time'>Dec 19, 2019 02:39:17 PM</span>
	<span class='label end-time'>Dec 19, 2019 02:39:48 PM</span>
	<span class='label time-taken grey lighten-1 white-text'>0h 0m 30s+949ms</span>
</div>
<div class='test-steps'>
	<table class='bordered table-results'>
		<thead>
			<tr>
				<th>Status</th>
				<th>Timestamp</th>
				<th>Details</th>
			</tr>
		</thead>
		<tbody>
			<tr class='log' status='pass'>
				<td class='status pass' title='pass' alt='pass'><i class='material-icons'>check_circle</i></td>
				<td class='timestamp'>2:39:48 PM</td>
				<td class='step-details'>
						<span class='badge white-text green'>tc15_signupWithoutFirstName Test Case PASSED</span>
					
				</td>
			</tr>
		</tbody>
	</table>
</div>
						<ul class='screenshots'>
							<li><img class='r-img' onerror='this.style.display="none"' data-featherlight='C:\Users\urvashi\Desktop\bluAndroid/Screenshot/tc15_signupWithoutFirstName 19_Dec_2019 14_39_48.png' src='C:\Users\urvashi\Desktop\bluAndroid/Screenshot/tc15_signupWithoutFirstName 19_Dec_2019 14_39_48.png' data-src='C:\Users\urvashi\Desktop\bluAndroid/Screenshot/tc15_signupWithoutFirstName 19_Dec_2019 14_39_48.png'></li>
						</ul>
					</div>
				</li>
				<li class='test displayed active  fail' status='fail' bdd='false' test-id='26'>
					<div class='test-heading'>
						<span class='test-name'>tc16_signupWithoutMobileNumber()</span>
						<span class='test-time'>Dec 19, 2019 02:40:28 PM</span>
						<span class='test-status right fail'>fail</span>
					</div>
					<div class='test-content hide'>
<div class='test-time-info'>
	<span class='label start-time'>Dec 19, 2019 02:40:28 PM</span>
	<span class='label end-time'>Dec 19, 2019 02:42:41 PM</span>
	<span class='label time-taken grey lighten-1 white-text'>0h 2m 13s+71ms</span>
</div>
<div class='test-steps'>
	<table class='bordered table-results'>
		<thead>
			<tr>
				<th>Status</th>
				<th>Timestamp</th>
				<th>Details</th>
			</tr>
		</thead>
		<tbody>
			<tr class='log' status='fail'>
				<td class='status fail' title='fail' alt='fail'><i class='material-icons'>cancel</i></td>
				<td class='timestamp'>2:42:41 PM</td>
				<td class='step-details'>
						<span class='badge white-text red'>tc16_signupWithoutMobileNumber Test case FAILED due to below issues:</span>
					
				</td>
			</tr>
			<tr class='log' status='fail'>
				<td class='status fail' title='fail' alt='fail'><i class='material-icons'>cancel</i></td>
				<td class='timestamp'>2:42:41 PM</td>
				<td class='step-details'>
						<textarea disabled class="code-block">org.openqa.selenium.NoSuchElementException: An element could not be located on the page using the given search parameters.
For documentation on this error, please visit: https://www.seleniumhq.org/exceptions/no_such_element.html
Build info: version: '3.141.59', revision: 'e82be7d358', time: '2018-11-14T08:17:03'
System info: host: 'BLU-LP-00004', ip: '192.168.0.124', os.name: 'Windows 10', os.arch: 'amd64', os.version: '10.0', java.version: '1.8.0_221'
Driver info: io.appium.java_client.android.AndroidDriver
Capabilities {appActivity: sg.com.blu.android.features..., appPackage: sg.com.blu.android, databaseEnabled: false, desired: {appActivity: sg.com.blu.android.features..., appPackage: sg.com.blu.android, deviceName: Galaxy S8+, platformName: android, platformVersion: 8.0.0, resetKeyboard: true, udid: ce031713d5fad93001, unicodeKeyboard: true}, deviceManufacturer: samsung, deviceModel: SM-G955F, deviceName: ce031713d5fad93001, deviceScreenSize: 1440x2960, deviceUDID: ce031713d5fad93001, javascriptEnabled: true, locationContextEnabled: false, networkConnectionEnabled: true, platform: LINUX, platformName: Android, platformVersion: 8.0.0, resetKeyboard: true, takesScreenshot: true, udid: ce031713d5fad93001, unicodeKeyboard: true, warnings: {}, webStorageEnabled: false}
Session ID: 09989f59-5ba6-480e-8bb4-2750309d1ba7
*** Element info: {Using=xpath, value=//android.widget.LinearLayout[@resource-id ='sg.com.blu.android:id/mobile_number_inputField']//android.widget.TextView[@resource-id ='sg.com.blu.android:id/error_tv']}
	at sun.reflect.NativeConstructorAccessorImpl.newInstance0(Native Method)
	at sun.reflect.NativeConstructorAccessorImpl.newInstance(Unknown Source)
	at sun.reflect.DelegatingConstructorAccessorImpl.newInstance(Unknown Source)
	at java.lang.reflect.Constructor.newInstance(Unknown Source)
	at org.openqa.selenium.remote.http.W3CHttpResponseCodec.createException(W3CHttpResponseCodec.java:187)
	at org.openqa.selenium.remote.http.W3CHttpResponseCodec.decode(W3CHttpResponseCodec.java:122)
	at org.openqa.selenium.remote.http.W3CHttpResponseCodec.decode(W3CHttpResponseCodec.java:49)
	at org.openqa.selenium.remote.HttpCommandExecutor.execute(HttpCommandExecutor.java:158)
	at io.appium.java_client.remote.AppiumCommandExecutor.execute(AppiumCommandExecutor.java:239)
	at org.openqa.selenium.remote.RemoteWebDriver.execute(RemoteWebDriver.java:552)
	at io.appium.java_client.DefaultGenericMobileDriver.execute(DefaultGenericMobileDriver.java:41)
	at io.appium.java_client.AppiumDriver.execute(AppiumDriver.java:1)
	at io.appium.java_client.android.AndroidDriver.execute(AndroidDriver.java:1)
	at org.openqa.selenium.remote.RemoteWebDriver.findElement(RemoteWebDriver.java:323)
	at io.appium.java_client.DefaultGenericMobileDriver.findElement(DefaultGenericMobileDriver.java:61)
	at io.appium.java_client.AppiumDriver.findElement(AppiumDriver.java:1)
	at io.appium.java_client.android.AndroidDriver.findElement(AndroidDriver.java:1)
	at org.openqa.selenium.remote.RemoteWebDriver.findElementByXPath(RemoteWebDriver.java:428)
	at io.appium.java_client.DefaultGenericMobileDriver.findElementByXPath(DefaultGenericMobileDriver.java:151)
	at io.appium.java_client.AppiumDriver.findElementByXPath(AppiumDriver.java:1)
	at io.appium.java_client.android.AndroidDriver.findElementByXPath(AndroidDriver.java:1)
	at org.openqa.selenium.By$ByXPath.findElement(By.java:353)
	at org.openqa.selenium.remote.RemoteWebDriver.findElement(RemoteWebDriver.java:315)
	at io.appium.java_client.DefaultGenericMobileDriver.findElement(DefaultGenericMobileDriver.java:57)
	at io.appium.java_client.AppiumDriver.findElement(AppiumDriver.java:1)
	at io.appium.java_client.android.AndroidDriver.findElement(AndroidDriver.java:1)
	at bluAndroid.bluAndroid.TestScripts.BluSignUpTestRunner.tc16_signupWithoutMobileNumber(BluSignUpTestRunner.java:408)
	at sun.reflect.NativeMethodAccessorImpl.invoke0(Native Method)
	at sun.reflect.NativeMethodAccessorImpl.invoke(Unknown Source)
	at sun.reflect.DelegatingMethodAccessorImpl.invoke(Unknown Source)
	at java.lang.reflect.Method.invoke(Unknown Source)
	at org.testng.internal.MethodInvocationHelper.invokeMethod(MethodInvocationHelper.java:133)
	at org.testng.internal.TestInvoker.invokeMethod(TestInvoker.java:584)
	at org.testng.internal.TestInvoker.invokeTestMethod(TestInvoker.java:172)
	at org.testng.internal.MethodRunner.runInSequence(MethodRunner.java:46)
	at org.testng.internal.TestInvoker$MethodInvocationAgent.invoke(TestInvoker.java:804)
	at org.testng.internal.TestInvoker.invokeTestMethods(TestInvoker.java:145)
	at org.testng.internal.TestMethodWorker.invokeTestMethods(TestMethodWorker.java:146)
	at org.testng.internal.TestMethodWorker.run(TestMethodWorker.java:128)
	at java.util.ArrayList.forEach(Unknown Source)
	at org.testng.TestRunner.privateRun(TestRunner.java:770)
	at org.testng.TestRunner.run(TestRunner.java:591)
	at org.testng.SuiteRunner.runTest(SuiteRunner.java:402)
	at org.testng.SuiteRunner.runSequentially(SuiteRunner.java:396)
	at org.testng.SuiteRunner.privateRun(SuiteRunner.java:355)
	at org.testng.SuiteRunner.run(SuiteRunner.java:304)
	at org.testng.SuiteRunnerWorker.runSuite(SuiteRunnerWorker.java:53)
	at org.testng.SuiteRunnerWorker.run(SuiteRunnerWorker.java:96)
	at org.testng.TestNG.runSuitesSequentially(TestNG.java:1180)
	at org.testng.TestNG.runSuitesLocally(TestNG.java:1102)
	at org.testng.TestNG.runSuites(TestNG.java:1032)
	at org.testng.TestNG.run(TestNG.java:1000)
	at org.testng.remote.AbstractRemoteTestNG.run(AbstractRemoteTestNG.java:115)
	at org.testng.remote.RemoteTestNG.initAndRun(RemoteTestNG.java:251)
	at org.testng.remote.RemoteTestNG.main(RemoteTestNG.java:77)
</textarea>
					
				</td>
			</tr>
		</tbody>
	</table>
</div>
						<ul class='screenshots'>
							<li><img class='r-img' onerror='this.style.display="none"' data-featherlight='C:\Users\urvashi\Desktop\bluAndroid/Screenshot/Error_tc16_signupWithoutMobileNumber 19_Dec_2019 14_42_41.png' src='C:\Users\urvashi\Desktop\bluAndroid/Screenshot/Error_tc16_signupWithoutMobileNumber 19_Dec_2019 14_42_41.png' data-src='C:\Users\urvashi\Desktop\bluAndroid/Screenshot/Error_tc16_signupWithoutMobileNumber 19_Dec_2019 14_42_41.png'></li>
						</ul>
					</div>
				</li>
				<li class='test displayed active  pass' status='pass' bdd='false' test-id='27'>
					<div class='test-heading'>
						<span class='test-name'>tc06_signupInvalidEmail()</span>
						<span class='test-time'>Dec 19, 2019 02:43:22 PM</span>
						<span class='test-status right pass'>pass</span>
					</div>
					<div class='test-content hide'>
<div class='test-time-info'>
	<span class='label start-time'>Dec 19, 2019 02:43:22 PM</span>
	<span class='label end-time'>Dec 19, 2019 02:44:00 PM</span>
	<span class='label time-taken grey lighten-1 white-text'>0h 0m 37s+941ms</span>
</div>
<div class='test-steps'>
	<table class='bordered table-results'>
		<thead>
			<tr>
				<th>Status</th>
				<th>Timestamp</th>
				<th>Details</th>
			</tr>
		</thead>
		<tbody>
			<tr class='log' status='pass'>
				<td class='status pass' title='pass' alt='pass'><i class='material-icons'>check_circle</i></td>
				<td class='timestamp'>2:44:00 PM</td>
				<td class='step-details'>
						<span class='badge white-text green'>tc17_signupRegisteredEmail Test Case PASSED</span>
					
				</td>
			</tr>
		</tbody>
	</table>
</div>
						<ul class='screenshots'>
							<li><img class='r-img' onerror='this.style.display="none"' data-featherlight='C:\Users\urvashi\Desktop\bluAndroid/Screenshot/tc17_signupRegisteredEmail 19_Dec_2019 14_44_00.png' src='C:\Users\urvashi\Desktop\bluAndroid/Screenshot/tc17_signupRegisteredEmail 19_Dec_2019 14_44_00.png' data-src='C:\Users\urvashi\Desktop\bluAndroid/Screenshot/tc17_signupRegisteredEmail 19_Dec_2019 14_44_00.png'></li>
						</ul>
					</div>
				</li>
				<li class='test displayed active  fail' status='fail' bdd='false' test-id='28'>
					<div class='test-heading'>
						<span class='test-name'>tc10_signupInvalidMobile()</span>
						<span class='test-time'>Dec 19, 2019 02:44:49 PM</span>
						<span class='test-status right fail'>fail</span>
					</div>
					<div class='test-content hide'>
<div class='test-time-info'>
	<span class='label start-time'>Dec 19, 2019 02:44:49 PM</span>
	<span class='label end-time'>Dec 19, 2019 02:47:08 PM</span>
	<span class='label time-taken grey lighten-1 white-text'>0h 2m 19s+60ms</span>
</div>
<div class='test-steps'>
	<table class='bordered table-results'>
		<thead>
			<tr>
				<th>Status</th>
				<th>Timestamp</th>
				<th>Details</th>
			</tr>
		</thead>
		<tbody>
			<tr class='log' status='fail'>
				<td class='status fail' title='fail' alt='fail'><i class='material-icons'>cancel</i></td>
				<td class='timestamp'>2:47:08 PM</td>
				<td class='step-details'>
						<span class='badge white-text red'>tc18_signupRegisteredMobile Test case FAILED due to below issues:</span>
					
				</td>
			</tr>
			<tr class='log' status='fail'>
				<td class='status fail' title='fail' alt='fail'><i class='material-icons'>cancel</i></td>
				<td class='timestamp'>2:47:08 PM</td>
				<td class='step-details'>
						<textarea disabled class="code-block">org.openqa.selenium.NoSuchElementException: An element could not be located on the page using the given search parameters.
For documentation on this error, please visit: https://www.seleniumhq.org/exceptions/no_such_element.html
Build info: version: '3.141.59', revision: 'e82be7d358', time: '2018-11-14T08:17:03'
System info: host: 'BLU-LP-00004', ip: '192.168.0.124', os.name: 'Windows 10', os.arch: 'amd64', os.version: '10.0', java.version: '1.8.0_221'
Driver info: io.appium.java_client.android.AndroidDriver
Capabilities {appActivity: sg.com.blu.android.features..., appPackage: sg.com.blu.android, databaseEnabled: false, desired: {appActivity: sg.com.blu.android.features..., appPackage: sg.com.blu.android, deviceName: Galaxy S8+, platformName: android, platformVersion: 8.0.0, resetKeyboard: true, udid: ce031713d5fad93001, unicodeKeyboard: true}, deviceManufacturer: samsung, deviceModel: SM-G955F, deviceName: ce031713d5fad93001, deviceScreenSize: 1440x2960, deviceUDID: ce031713d5fad93001, javascriptEnabled: true, locationContextEnabled: false, networkConnectionEnabled: true, platform: LINUX, platformName: Android, platformVersion: 8.0.0, resetKeyboard: true, takesScreenshot: true, udid: ce031713d5fad93001, unicodeKeyboard: true, warnings: {}, webStorageEnabled: false}
Session ID: 8736f7d5-8de1-41da-92cb-2a294ba9bee9
*** Element info: {Using=xpath, value=//android.widget.LinearLayout[@resource-id ='sg.com.blu.android:id/mobile_number_inputField']//android.widget.TextView[@resource-id ='sg.com.blu.android:id/error_tv']}
	at sun.reflect.NativeConstructorAccessorImpl.newInstance0(Native Method)
	at sun.reflect.NativeConstructorAccessorImpl.newInstance(Unknown Source)
	at sun.reflect.DelegatingConstructorAccessorImpl.newInstance(Unknown Source)
	at java.lang.reflect.Constructor.newInstance(Unknown Source)
	at org.openqa.selenium.remote.http.W3CHttpResponseCodec.createException(W3CHttpResponseCodec.java:187)
	at org.openqa.selenium.remote.http.W3CHttpResponseCodec.decode(W3CHttpResponseCodec.java:122)
	at org.openqa.selenium.remote.http.W3CHttpResponseCodec.decode(W3CHttpResponseCodec.java:49)
	at org.openqa.selenium.remote.HttpCommandExecutor.execute(HttpCommandExecutor.java:158)
	at io.appium.java_client.remote.AppiumCommandExecutor.execute(AppiumCommandExecutor.java:239)
	at org.openqa.selenium.remote.RemoteWebDriver.execute(RemoteWebDriver.java:552)
	at io.appium.java_client.DefaultGenericMobileDriver.execute(DefaultGenericMobileDriver.java:41)
	at io.appium.java_client.AppiumDriver.execute(AppiumDriver.java:1)
	at io.appium.java_client.android.AndroidDriver.execute(AndroidDriver.java:1)
	at org.openqa.selenium.remote.RemoteWebDriver.findElement(RemoteWebDriver.java:323)
	at io.appium.java_client.DefaultGenericMobileDriver.findElement(DefaultGenericMobileDriver.java:61)
	at io.appium.java_client.AppiumDriver.findElement(AppiumDriver.java:1)
	at io.appium.java_client.android.AndroidDriver.findElement(AndroidDriver.java:1)
	at org.openqa.selenium.remote.RemoteWebDriver.findElementByXPath(RemoteWebDriver.java:428)
	at io.appium.java_client.DefaultGenericMobileDriver.findElementByXPath(DefaultGenericMobileDriver.java:151)
	at io.appium.java_client.AppiumDriver.findElementByXPath(AppiumDriver.java:1)
	at io.appium.java_client.android.AndroidDriver.findElementByXPath(AndroidDriver.java:1)
	at org.openqa.selenium.By$ByXPath.findElement(By.java:353)
	at org.openqa.selenium.remote.RemoteWebDriver.findElement(RemoteWebDriver.java:315)
	at io.appium.java_client.DefaultGenericMobileDriver.findElement(DefaultGenericMobileDriver.java:57)
	at io.appium.java_client.AppiumDriver.findElement(AppiumDriver.java:1)
	at io.appium.java_client.android.AndroidDriver.findElement(AndroidDriver.java:1)
	at bluAndroid.bluAndroid.TestScripts.BluSignUpTestRunner.tc18_signupRegisteredMobile(BluSignUpTestRunner.java:273)
	at sun.reflect.NativeMethodAccessorImpl.invoke0(Native Method)
	at sun.reflect.NativeMethodAccessorImpl.invoke(Unknown Source)
	at sun.reflect.DelegatingMethodAccessorImpl.invoke(Unknown Source)
	at java.lang.reflect.Method.invoke(Unknown Source)
	at org.testng.internal.MethodInvocationHelper.invokeMethod(MethodInvocationHelper.java:133)
	at org.testng.internal.TestInvoker.invokeMethod(TestInvoker.java:584)
	at org.testng.internal.TestInvoker.invokeTestMethod(TestInvoker.java:172)
	at org.testng.internal.MethodRunner.runInSequence(MethodRunner.java:46)
	at org.testng.internal.TestInvoker$MethodInvocationAgent.invoke(TestInvoker.java:804)
	at org.testng.internal.TestInvoker.invokeTestMethods(TestInvoker.java:145)
	at org.testng.internal.TestMethodWorker.invokeTestMethods(TestMethodWorker.java:146)
	at org.testng.internal.TestMethodWorker.run(TestMethodWorker.java:128)
	at java.util.ArrayList.forEach(Unknown Source)
	at org.testng.TestRunner.privateRun(TestRunner.java:770)
	at org.testng.TestRunner.run(TestRunner.java:591)
	at org.testng.SuiteRunner.runTest(SuiteRunner.java:402)
	at org.testng.SuiteRunner.runSequentially(SuiteRunner.java:396)
	at org.testng.SuiteRunner.privateRun(SuiteRunner.java:355)
	at org.testng.SuiteRunner.run(SuiteRunner.java:304)
	at org.testng.SuiteRunnerWorker.runSuite(SuiteRunnerWorker.java:53)
	at org.testng.SuiteRunnerWorker.run(SuiteRunnerWorker.java:96)
	at org.testng.TestNG.runSuitesSequentially(TestNG.java:1180)
	at org.testng.TestNG.runSuitesLocally(TestNG.java:1102)
	at org.testng.TestNG.runSuites(TestNG.java:1032)
	at org.testng.TestNG.run(TestNG.java:1000)
	at org.testng.remote.AbstractRemoteTestNG.run(AbstractRemoteTestNG.java:115)
	at org.testng.remote.RemoteTestNG.initAndRun(RemoteTestNG.java:251)
	at org.testng.remote.RemoteTestNG.main(RemoteTestNG.java:77)
</textarea>
					
				</td>
			</tr>
		</tbody>
	</table>
</div>
						<ul class='screenshots'>
							<li><img class='r-img' onerror='this.style.display="none"' data-featherlight='C:\Users\urvashi\Desktop\bluAndroid/Screenshot/Error_tc18_signupRegisteredMobile 19_Dec_2019 14_47_08.png' src='C:\Users\urvashi\Desktop\bluAndroid/Screenshot/Error_tc18_signupRegisteredMobile 19_Dec_2019 14_47_08.png' data-src='C:\Users\urvashi\Desktop\bluAndroid/Screenshot/Error_tc18_signupRegisteredMobile 19_Dec_2019 14_47_08.png'></li>
						</ul>
					</div>
				</li>
			</ul>
		</div>
	</div>
	<!-- subview left -->
	<div class='subview-right left'>
		<div class='view-summary'>
			<div id='step-filters' class="right sr-filters">
				<a class="btn-floating waves-effect waves-light green" status="pass" alt="pass" title="pass"><i class="material-icons">check_circle</i></a>
				<a class="btn-floating waves-effect waves-light red" status="fail" alt="fail" title="fail"><i class="material-icons">cancel</i></a>
				<a class="btn-floating waves-effect waves-light red darken-4" status="fatal" alt="fatal" title="fatal"><i class="material-icons">cancel</i></a>
				<a class="btn-floating waves-effect waves-light pink text-lighten-1" status="error" alt="error" title="error"><i class="material-icons">error</i></a>
				<a class="btn-floating waves-effect waves-light orange" alt="warning" status="warning" title="warning"><i class="material-icons">warning</i></a>
				<a class="btn-floating waves-effect waves-light teal" status="skip" alt="skip" title="skip"><i class="material-icons">redo</i></a>
				<a class="btn-floating waves-effect waves-light grey" status="clear" alt="Clear filters" title="Clear filters"><i class="material-icons">clear</i></a>
			</div>
			<h5 class='test-name'></h5>
		</div>
	</div>
	<!-- subview right -->
</div>
<!-- test view --><!-- category view --><div id='exception-view' class='view hide'>
	<section id='controls'>
		<div class='controls grey lighten-4'>
			<!-- search -->
			<div class='chip transparent' alt='Search Tests' title='Search Tests'>
				<a href="#" class='search-div'>
				<i class='material-icons'>search</i> Search
				</a>
				<div class='input-field left hide'>
					<input id='search-tests' type='text' class='validate browser-default' placeholder='Search Tests...'>
				</div>
			</div>
			<!-- search -->
		</div>
	</section>
	<div class='subview-left left'>
		<div class='view-summary'>
			<ul id='exception-collection' class='exception-collection'>
				<li class='exception displayed active'>
					<div class='exception-heading'>
						<span class='exception-name'>org.openqa.selenium.NoSuchElementException</span>
						<span class='exception-count right'><span class='label red lighten-1 white-text'>8</span></span>
					</div>
					<div class='exception-content hide'>
						<div class='exception-tests'>
							<table class='bordered table-results'>
								<thead>
									<tr>
										<th>Timestamp</th>
										<th>TestName</th>
										<th>Status</th>
									</tr>
								</thead>
								<tbody>
									<tr>
										<td>Dec 19, 2019 02:15:14 PM</td>
										<td class='linked' test-id='14'>tc04_signupWithoutDOBGenderAndRefferalCode()</td>
										<td>
											<textarea disabled class="code-block">org.openqa.selenium.NoSuchElementException: An element could not be located on the page using the given search parameters.
For documentation on this error, please visit: https://www.seleniumhq.org/exceptions/no_such_element.html
Build info: version: '3.141.59', revision: 'e82be7d358', time: '2018-11-14T08:17:03'
System info: host: 'BLU-LP-00004', ip: '192.168.0.124', os.name: 'Windows 10', os.arch: 'amd64', os.version: '10.0', java.version: '1.8.0_221'
Driver info: io.appium.java_client.android.AndroidDriver
Capabilities {appActivity: sg.com.blu.android.features..., appPackage: sg.com.blu.android, databaseEnabled: false, desired: {appActivity: sg.com.blu.android.features..., appPackage: sg.com.blu.android, deviceName: Galaxy S8+, platformName: android, platformVersion: 8.0.0, resetKeyboard: true, udid: ce031713d5fad93001, unicodeKeyboard: true}, deviceManufacturer: samsung, deviceModel: SM-G955F, deviceName: ce031713d5fad93001, deviceScreenSize: 1440x2960, deviceUDID: ce031713d5fad93001, javascriptEnabled: true, locationContextEnabled: false, networkConnectionEnabled: true, platform: LINUX, platformName: Android, platformVersion: 8.0.0, resetKeyboard: true, takesScreenshot: true, udid: ce031713d5fad93001, unicodeKeyboard: true, warnings: {}, webStorageEnabled: false}
Session ID: a43864b6-370e-4681-98af-7fc34854bee6
*** Element info: {Using=id, value=sg.com.blu.android:id/recipient_tv}
	at sun.reflect.NativeConstructorAccessorImpl.newInstance0(Native Method)
	at sun.reflect.NativeConstructorAccessorImpl.newInstance(Unknown Source)
	at sun.reflect.DelegatingConstructorAccessorImpl.newInstance(Unknown Source)
	at java.lang.reflect.Constructor.newInstance(Unknown Source)
	at org.openqa.selenium.remote.http.W3CHttpResponseCodec.createException(W3CHttpResponseCodec.java:187)
	at org.openqa.selenium.remote.http.W3CHttpResponseCodec.decode(W3CHttpResponseCodec.java:122)
	at org.openqa.selenium.remote.http.W3CHttpResponseCodec.decode(W3CHttpResponseCodec.java:49)
	at org.openqa.selenium.remote.HttpCommandExecutor.execute(HttpCommandExecutor.java:158)
	at io.appium.java_client.remote.AppiumCommandExecutor.execute(AppiumCommandExecutor.java:239)
	at org.openqa.selenium.remote.RemoteWebDriver.execute(RemoteWebDriver.java:552)
	at io.appium.java_client.DefaultGenericMobileDriver.execute(DefaultGenericMobileDriver.java:41)
	at io.appium.java_client.AppiumDriver.execute(AppiumDriver.java:1)
	at io.appium.java_client.android.AndroidDriver.execute(AndroidDriver.java:1)
	at org.openqa.selenium.remote.RemoteWebDriver.findElement(RemoteWebDriver.java:323)
	at io.appium.java_client.DefaultGenericMobileDriver.findElement(DefaultGenericMobileDriver.java:61)
	at io.appium.java_client.AppiumDriver.findElement(AppiumDriver.java:1)
	at io.appium.java_client.android.AndroidDriver.findElement(AndroidDriver.java:1)
	at org.openqa.selenium.remote.RemoteWebDriver.findElementById(RemoteWebDriver.java:372)
	at io.appium.java_client.DefaultGenericMobileDriver.findElementById(DefaultGenericMobileDriver.java:69)
	at io.appium.java_client.AppiumDriver.findElementById(AppiumDriver.java:1)
	at io.appium.java_client.android.AndroidDriver.findElementById(AndroidDriver.java:1)
	at org.openqa.selenium.By$ById.findElement(By.java:188)
	at org.openqa.selenium.remote.RemoteWebDriver.findElement(RemoteWebDriver.java:315)
	at io.appium.java_client.DefaultGenericMobileDriver.findElement(DefaultGenericMobileDriver.java:57)
	at io.appium.java_client.AppiumDriver.findElement(AppiumDriver.java:1)
	at io.appium.java_client.android.AndroidDriver.findElement(AndroidDriver.java:1)
	at bluAndroid.bluAndroid.TestScripts.BluSignUpTestRunner.tc04_signupWithoutDOBGenderAndRefferalCode(BluSignUpTestRunner.java:102)
	at sun.reflect.NativeMethodAccessorImpl.invoke0(Native Method)
	at sun.reflect.NativeMethodAccessorImpl.invoke(Unknown Source)
	at sun.reflect.DelegatingMethodAccessorImpl.invoke(Unknown Source)
	at java.lang.reflect.Method.invoke(Unknown Source)
	at org.testng.internal.MethodInvocationHelper.invokeMethod(MethodInvocationHelper.java:133)
	at org.testng.internal.TestInvoker.invokeMethod(TestInvoker.java:584)
	at org.testng.internal.TestInvoker.invokeTestMethod(TestInvoker.java:172)
	at org.testng.internal.MethodRunner.runInSequence(MethodRunner.java:46)
	at org.testng.internal.TestInvoker$MethodInvocationAgent.invoke(TestInvoker.java:804)
	at org.testng.internal.TestInvoker.invokeTestMethods(TestInvoker.java:145)
	at org.testng.internal.TestMethodWorker.invokeTestMethods(TestMethodWorker.java:146)
	at org.testng.internal.TestMethodWorker.run(TestMethodWorker.java:128)
	at java.util.ArrayList.forEach(Unknown Source)
	at org.testng.TestRunner.privateRun(TestRunner.java:770)
	at org.testng.TestRunner.run(TestRunner.java:591)
	at org.testng.SuiteRunner.runTest(SuiteRunner.java:402)
	at org.testng.SuiteRunner.runSequentially(SuiteRunner.java:396)
	at org.testng.SuiteRunner.privateRun(SuiteRunner.java:355)
	at org.testng.SuiteRunner.run(SuiteRunner.java:304)
	at org.testng.SuiteRunnerWorker.runSuite(SuiteRunnerWorker.java:53)
	at org.testng.SuiteRunnerWorker.run(SuiteRunnerWorker.java:96)
	at org.testng.TestNG.runSuitesSequentially(TestNG.java:1180)
	at org.testng.TestNG.runSuitesLocally(TestNG.java:1102)
	at org.testng.TestNG.runSuites(TestNG.java:1032)
	at org.testng.TestNG.run(TestNG.java:1000)
	at org.testng.remote.AbstractRemoteTestNG.run(AbstractRemoteTestNG.java:115)
	at org.testng.remote.RemoteTestNG.initAndRun(RemoteTestNG.java:251)
	at org.testng.remote.RemoteTestNG.main(RemoteTestNG.java:77)
</textarea>
										</td>
									</tr>
									<tr>
										<td>Dec 19, 2019 02:18:23 PM</td>
										<td class='linked' test-id='15'>tc05_signupManDetails</td>
										<td>
											<textarea disabled class="code-block">org.openqa.selenium.NoSuchElementException: An element could not be located on the page using the given search parameters.
For documentation on this error, please visit: https://www.seleniumhq.org/exceptions/no_such_element.html
Build info: version: '3.141.59', revision: 'e82be7d358', time: '2018-11-14T08:17:03'
System info: host: 'BLU-LP-00004', ip: '192.168.0.124', os.name: 'Windows 10', os.arch: 'amd64', os.version: '10.0', java.version: '1.8.0_221'
Driver info: io.appium.java_client.android.AndroidDriver
Capabilities {appActivity: sg.com.blu.android.features..., appPackage: sg.com.blu.android, databaseEnabled: false, desired: {appActivity: sg.com.blu.android.features..., appPackage: sg.com.blu.android, deviceName: Galaxy S8+, platformName: android, platformVersion: 8.0.0, resetKeyboard: true, udid: ce031713d5fad93001, unicodeKeyboard: true}, deviceManufacturer: samsung, deviceModel: SM-G955F, deviceName: ce031713d5fad93001, deviceScreenSize: 1440x2960, deviceUDID: ce031713d5fad93001, javascriptEnabled: true, locationContextEnabled: false, networkConnectionEnabled: true, platform: LINUX, platformName: Android, platformVersion: 8.0.0, resetKeyboard: true, takesScreenshot: true, udid: ce031713d5fad93001, unicodeKeyboard: true, warnings: {}, webStorageEnabled: false}
Session ID: ae015157-c577-46c4-be4a-100349fa334c
*** Element info: {Using=xpath, value=//android.widget.LinearLayout[@resource-id ='sg.com.blu.android:id/email_inputField']}
	at sun.reflect.NativeConstructorAccessorImpl.newInstance0(Native Method)
	at sun.reflect.NativeConstructorAccessorImpl.newInstance(Unknown Source)
	at sun.reflect.DelegatingConstructorAccessorImpl.newInstance(Unknown Source)
	at java.lang.reflect.Constructor.newInstance(Unknown Source)
	at org.openqa.selenium.remote.http.W3CHttpResponseCodec.createException(W3CHttpResponseCodec.java:187)
	at org.openqa.selenium.remote.http.W3CHttpResponseCodec.decode(W3CHttpResponseCodec.java:122)
	at org.openqa.selenium.remote.http.W3CHttpResponseCodec.decode(W3CHttpResponseCodec.java:49)
	at org.openqa.selenium.remote.HttpCommandExecutor.execute(HttpCommandExecutor.java:158)
	at io.appium.java_client.remote.AppiumCommandExecutor.execute(AppiumCommandExecutor.java:239)
	at org.openqa.selenium.remote.RemoteWebDriver.execute(RemoteWebDriver.java:552)
	at io.appium.java_client.DefaultGenericMobileDriver.execute(DefaultGenericMobileDriver.java:41)
	at io.appium.java_client.AppiumDriver.execute(AppiumDriver.java:1)
	at io.appium.java_client.android.AndroidDriver.execute(AndroidDriver.java:1)
	at org.openqa.selenium.remote.RemoteWebDriver.findElement(RemoteWebDriver.java:323)
	at io.appium.java_client.DefaultGenericMobileDriver.findElement(DefaultGenericMobileDriver.java:61)
	at io.appium.java_client.AppiumDriver.findElement(AppiumDriver.java:1)
	at io.appium.java_client.android.AndroidDriver.findElement(AndroidDriver.java:1)
	at org.openqa.selenium.remote.RemoteWebDriver.findElementByXPath(RemoteWebDriver.java:428)
	at io.appium.java_client.DefaultGenericMobileDriver.findElementByXPath(DefaultGenericMobileDriver.java:151)
	at io.appium.java_client.AppiumDriver.findElementByXPath(AppiumDriver.java:1)
	at io.appium.java_client.android.AndroidDriver.findElementByXPath(AndroidDriver.java:1)
	at org.openqa.selenium.By$ByXPath.findElement(By.java:353)
	at org.openqa.selenium.remote.RemoteWebDriver.findElement(RemoteWebDriver.java:315)
	at io.appium.java_client.DefaultGenericMobileDriver.findElement(DefaultGenericMobileDriver.java:57)
	at io.appium.java_client.AppiumDriver.findElement(AppiumDriver.java:1)
	at io.appium.java_client.android.AndroidDriver.findElement(AndroidDriver.java:1)
	at bluAndroid.bluAndroid.pageObjects.SignUpScreen.enterEmail(SignUpScreen.java:37)
	at bluAndroid.bluAndroid.pageObjects.SignUpScreen.bluSignUpManDetails(SignUpScreen.java:192)
	at bluAndroid.bluAndroid.TestScripts.BluSignUpTestRunner.tc05_signupManDetails(BluSignUpTestRunner.java:110)
	at sun.reflect.NativeMethodAccessorImpl.invoke0(Native Method)
	at sun.reflect.NativeMethodAccessorImpl.invoke(Unknown Source)
	at sun.reflect.DelegatingMethodAccessorImpl.invoke(Unknown Source)
	at java.lang.reflect.Method.invoke(Unknown Source)
	at org.testng.internal.MethodInvocationHelper.invokeMethod(MethodInvocationHelper.java:133)
	at org.testng.internal.TestInvoker.invokeMethod(TestInvoker.java:584)
	at org.testng.internal.TestInvoker.invokeTestMethod(TestInvoker.java:172)
	at org.testng.internal.MethodRunner.runInSequence(MethodRunner.java:46)
	at org.testng.internal.TestInvoker$MethodInvocationAgent.invoke(TestInvoker.java:804)
	at org.testng.internal.TestInvoker.invokeTestMethods(TestInvoker.java:145)
	at org.testng.internal.TestMethodWorker.invokeTestMethods(TestMethodWorker.java:146)
	at org.testng.internal.TestMethodWorker.run(TestMethodWorker.java:128)
	at java.util.ArrayList.forEach(Unknown Source)
	at org.testng.TestRunner.privateRun(TestRunner.java:770)
	at org.testng.TestRunner.run(TestRunner.java:591)
	at org.testng.SuiteRunner.runTest(SuiteRunner.java:402)
	at org.testng.SuiteRunner.runSequentially(SuiteRunner.java:396)
	at org.testng.SuiteRunner.privateRun(SuiteRunner.java:355)
	at org.testng.SuiteRunner.run(SuiteRunner.java:304)
	at org.testng.SuiteRunnerWorker.runSuite(SuiteRunnerWorker.java:53)
	at org.testng.SuiteRunnerWorker.run(SuiteRunnerWorker.java:96)
	at org.testng.TestNG.runSuitesSequentially(TestNG.java:1180)
	at org.testng.TestNG.runSuitesLocally(TestNG.java:1102)
	at org.testng.TestNG.runSuites(TestNG.java:1032)
	at org.testng.TestNG.run(TestNG.java:1000)
	at org.testng.remote.AbstractRemoteTestNG.run(AbstractRemoteTestNG.java:115)
	at org.testng.remote.RemoteTestNG.initAndRun(RemoteTestNG.java:251)
	at org.testng.remote.RemoteTestNG.main(RemoteTestNG.java:77)
</textarea>
										</td>
									</tr>
									<tr>
										<td>Dec 19, 2019 02:22:45 PM</td>
										<td class='linked' test-id='18'>tc08_signupNonMatchingPassword()</td>
										<td>
											<textarea disabled class="code-block">org.openqa.selenium.NoSuchElementException: An element could not be located on the page using the given search parameters.
For documentation on this error, please visit: https://www.seleniumhq.org/exceptions/no_such_element.html
Build info: version: '3.141.59', revision: 'e82be7d358', time: '2018-11-14T08:17:03'
System info: host: 'BLU-LP-00004', ip: '192.168.0.124', os.name: 'Windows 10', os.arch: 'amd64', os.version: '10.0', java.version: '1.8.0_221'
Driver info: io.appium.java_client.android.AndroidDriver
Capabilities {appActivity: sg.com.blu.android.features..., appPackage: sg.com.blu.android, databaseEnabled: false, desired: {appActivity: sg.com.blu.android.features..., appPackage: sg.com.blu.android, deviceName: Galaxy S8+, platformName: android, platformVersion: 8.0.0, resetKeyboard: true, udid: ce031713d5fad93001, unicodeKeyboard: true}, deviceManufacturer: samsung, deviceModel: SM-G955F, deviceName: ce031713d5fad93001, deviceScreenSize: 1440x2960, deviceUDID: ce031713d5fad93001, javascriptEnabled: true, locationContextEnabled: false, networkConnectionEnabled: true, platform: LINUX, platformName: Android, platformVersion: 8.0.0, resetKeyboard: true, takesScreenshot: true, udid: ce031713d5fad93001, unicodeKeyboard: true, warnings: {}, webStorageEnabled: false}
Session ID: f9820fcc-b1e4-4261-aa11-bda7f3fee068
*** Element info: {Using=xpath, value=//android.widget.LinearLayout[@resource-id ='sg.com.blu.android:id/confirm_password_inputField']//android.widget.TextView[@resource-id ='sg.com.blu.android:id/error_tv']}
	at sun.reflect.NativeConstructorAccessorImpl.newInstance0(Native Method)
	at sun.reflect.NativeConstructorAccessorImpl.newInstance(Unknown Source)
	at sun.reflect.DelegatingConstructorAccessorImpl.newInstance(Unknown Source)
	at java.lang.reflect.Constructor.newInstance(Unknown Source)
	at org.openqa.selenium.remote.http.W3CHttpResponseCodec.createException(W3CHttpResponseCodec.java:187)
	at org.openqa.selenium.remote.http.W3CHttpResponseCodec.decode(W3CHttpResponseCodec.java:122)
	at org.openqa.selenium.remote.http.W3CHttpResponseCodec.decode(W3CHttpResponseCodec.java:49)
	at org.openqa.selenium.remote.HttpCommandExecutor.execute(HttpCommandExecutor.java:158)
	at io.appium.java_client.remote.AppiumCommandExecutor.execute(AppiumCommandExecutor.java:239)
	at org.openqa.selenium.remote.RemoteWebDriver.execute(RemoteWebDriver.java:552)
	at io.appium.java_client.DefaultGenericMobileDriver.execute(DefaultGenericMobileDriver.java:41)
	at io.appium.java_client.AppiumDriver.execute(AppiumDriver.java:1)
	at io.appium.java_client.android.AndroidDriver.execute(AndroidDriver.java:1)
	at org.openqa.selenium.remote.RemoteWebDriver.findElement(RemoteWebDriver.java:323)
	at io.appium.java_client.DefaultGenericMobileDriver.findElement(DefaultGenericMobileDriver.java:61)
	at io.appium.java_client.AppiumDriver.findElement(AppiumDriver.java:1)
	at io.appium.java_client.android.AndroidDriver.findElement(AndroidDriver.java:1)
	at org.openqa.selenium.remote.RemoteWebDriver.findElementByXPath(RemoteWebDriver.java:428)
	at io.appium.java_client.DefaultGenericMobileDriver.findElementByXPath(DefaultGenericMobileDriver.java:151)
	at io.appium.java_client.AppiumDriver.findElementByXPath(AppiumDriver.java:1)
	at io.appium.java_client.android.AndroidDriver.findElementByXPath(AndroidDriver.java:1)
	at org.openqa.selenium.By$ByXPath.findElement(By.java:353)
	at org.openqa.selenium.remote.RemoteWebDriver.findElement(RemoteWebDriver.java:315)
	at io.appium.java_client.DefaultGenericMobileDriver.findElement(DefaultGenericMobileDriver.java:57)
	at io.appium.java_client.AppiumDriver.findElement(AppiumDriver.java:1)
	at io.appium.java_client.android.AndroidDriver.findElement(AndroidDriver.java:1)
	at bluAndroid.bluAndroid.TestScripts.BluSignUpTestRunner.tc08_signupNonMatchingPassword(BluSignUpTestRunner.java:200)
	at sun.reflect.NativeMethodAccessorImpl.invoke0(Native Method)
	at sun.reflect.NativeMethodAccessorImpl.invoke(Unknown Source)
	at sun.reflect.DelegatingMethodAccessorImpl.invoke(Unknown Source)
	at java.lang.reflect.Method.invoke(Unknown Source)
	at org.testng.internal.MethodInvocationHelper.invokeMethod(MethodInvocationHelper.java:133)
	at org.testng.internal.TestInvoker.invokeMethod(TestInvoker.java:584)
	at org.testng.internal.TestInvoker.invokeTestMethod(TestInvoker.java:172)
	at org.testng.internal.MethodRunner.runInSequence(MethodRunner.java:46)
	at org.testng.internal.TestInvoker$MethodInvocationAgent.invoke(TestInvoker.java:804)
	at org.testng.internal.TestInvoker.invokeTestMethods(TestInvoker.java:145)
	at org.testng.internal.TestMethodWorker.invokeTestMethods(TestMethodWorker.java:146)
	at org.testng.internal.TestMethodWorker.run(TestMethodWorker.java:128)
	at java.util.ArrayList.forEach(Unknown Source)
	at org.testng.TestRunner.privateRun(TestRunner.java:770)
	at org.testng.TestRunner.run(TestRunner.java:591)
	at org.testng.SuiteRunner.runTest(SuiteRunner.java:402)
	at org.testng.SuiteRunner.runSequentially(SuiteRunner.java:396)
	at org.testng.SuiteRunner.privateRun(SuiteRunner.java:355)
	at org.testng.SuiteRunner.run(SuiteRunner.java:304)
	at org.testng.SuiteRunnerWorker.runSuite(SuiteRunnerWorker.java:53)
	at org.testng.SuiteRunnerWorker.run(SuiteRunnerWorker.java:96)
	at org.testng.TestNG.runSuitesSequentially(TestNG.java:1180)
	at org.testng.TestNG.runSuitesLocally(TestNG.java:1102)
	at org.testng.TestNG.runSuites(TestNG.java:1032)
	at org.testng.TestNG.run(TestNG.java:1000)
	at org.testng.remote.AbstractRemoteTestNG.run(AbstractRemoteTestNG.java:115)
	at org.testng.remote.RemoteTestNG.initAndRun(RemoteTestNG.java:251)
	at org.testng.remote.RemoteTestNG.main(RemoteTestNG.java:77)
</textarea>
										</td>
									</tr>
									<tr>
										<td>Dec 19, 2019 02:27:00 PM</td>
										<td class='linked' test-id='20'>tc10_signupInvalidMobile()</td>
										<td>
											<textarea disabled class="code-block">org.openqa.selenium.NoSuchElementException: An element could not be located on the page using the given search parameters.
For documentation on this error, please visit: https://www.seleniumhq.org/exceptions/no_such_element.html
Build info: version: '3.141.59', revision: 'e82be7d358', time: '2018-11-14T08:17:03'
System info: host: 'BLU-LP-00004', ip: '192.168.0.124', os.name: 'Windows 10', os.arch: 'amd64', os.version: '10.0', java.version: '1.8.0_221'
Driver info: io.appium.java_client.android.AndroidDriver
Capabilities {appActivity: sg.com.blu.android.features..., appPackage: sg.com.blu.android, databaseEnabled: false, desired: {appActivity: sg.com.blu.android.features..., appPackage: sg.com.blu.android, deviceName: Galaxy S8+, platformName: android, platformVersion: 8.0.0, resetKeyboard: true, udid: ce031713d5fad93001, unicodeKeyboard: true}, deviceManufacturer: samsung, deviceModel: SM-G955F, deviceName: ce031713d5fad93001, deviceScreenSize: 1440x2960, deviceUDID: ce031713d5fad93001, javascriptEnabled: true, locationContextEnabled: false, networkConnectionEnabled: true, platform: LINUX, platformName: Android, platformVersion: 8.0.0, resetKeyboard: true, takesScreenshot: true, udid: ce031713d5fad93001, unicodeKeyboard: true, warnings: {}, webStorageEnabled: false}
Session ID: 52d9610c-c6b3-4720-9cd2-3e0691207ff0
*** Element info: {Using=xpath, value=//android.widget.LinearLayout[@resource-id ='sg.com.blu.android:id/mobile_number_inputField']//android.widget.TextView[@resource-id ='sg.com.blu.android:id/error_tv']}
	at sun.reflect.NativeConstructorAccessorImpl.newInstance0(Native Method)
	at sun.reflect.NativeConstructorAccessorImpl.newInstance(Unknown Source)
	at sun.reflect.DelegatingConstructorAccessorImpl.newInstance(Unknown Source)
	at java.lang.reflect.Constructor.newInstance(Unknown Source)
	at org.openqa.selenium.remote.http.W3CHttpResponseCodec.createException(W3CHttpResponseCodec.java:187)
	at org.openqa.selenium.remote.http.W3CHttpResponseCodec.decode(W3CHttpResponseCodec.java:122)
	at org.openqa.selenium.remote.http.W3CHttpResponseCodec.decode(W3CHttpResponseCodec.java:49)
	at org.openqa.selenium.remote.HttpCommandExecutor.execute(HttpCommandExecutor.java:158)
	at io.appium.java_client.remote.AppiumCommandExecutor.execute(AppiumCommandExecutor.java:239)
	at org.openqa.selenium.remote.RemoteWebDriver.execute(RemoteWebDriver.java:552)
	at io.appium.java_client.DefaultGenericMobileDriver.execute(DefaultGenericMobileDriver.java:41)
	at io.appium.java_client.AppiumDriver.execute(AppiumDriver.java:1)
	at io.appium.java_client.android.AndroidDriver.execute(AndroidDriver.java:1)
	at org.openqa.selenium.remote.RemoteWebDriver.findElement(RemoteWebDriver.java:323)
	at io.appium.java_client.DefaultGenericMobileDriver.findElement(DefaultGenericMobileDriver.java:61)
	at io.appium.java_client.AppiumDriver.findElement(AppiumDriver.java:1)
	at io.appium.java_client.android.AndroidDriver.findElement(AndroidDriver.java:1)
	at org.openqa.selenium.remote.RemoteWebDriver.findElementByXPath(RemoteWebDriver.java:428)
	at io.appium.java_client.DefaultGenericMobileDriver.findElementByXPath(DefaultGenericMobileDriver.java:151)
	at io.appium.java_client.AppiumDriver.findElementByXPath(AppiumDriver.java:1)
	at io.appium.java_client.android.AndroidDriver.findElementByXPath(AndroidDriver.java:1)
	at org.openqa.selenium.By$ByXPath.findElement(By.java:353)
	at org.openqa.selenium.remote.RemoteWebDriver.findElement(RemoteWebDriver.java:315)
	at io.appium.java_client.DefaultGenericMobileDriver.findElement(DefaultGenericMobileDriver.java:57)
	at io.appium.java_client.AppiumDriver.findElement(AppiumDriver.java:1)
	at io.appium.java_client.android.AndroidDriver.findElement(AndroidDriver.java:1)
	at bluAndroid.bluAndroid.TestScripts.BluSignUpTestRunner.tc10_signupInvalidMobile(BluSignUpTestRunner.java:249)
	at sun.reflect.NativeMethodAccessorImpl.invoke0(Native Method)
	at sun.reflect.NativeMethodAccessorImpl.invoke(Unknown Source)
	at sun.reflect.DelegatingMethodAccessorImpl.invoke(Unknown Source)
	at java.lang.reflect.Method.invoke(Unknown Source)
	at org.testng.internal.MethodInvocationHelper.invokeMethod(MethodInvocationHelper.java:133)
	at org.testng.internal.TestInvoker.invokeMethod(TestInvoker.java:584)
	at org.testng.internal.TestInvoker.invokeTestMethod(TestInvoker.java:172)
	at org.testng.internal.MethodRunner.runInSequence(MethodRunner.java:46)
	at org.testng.internal.TestInvoker$MethodInvocationAgent.invoke(TestInvoker.java:804)
	at org.testng.internal.TestInvoker.invokeTestMethods(TestInvoker.java:145)
	at org.testng.internal.TestMethodWorker.invokeTestMethods(TestMethodWorker.java:146)
	at org.testng.internal.TestMethodWorker.run(TestMethodWorker.java:128)
	at java.util.ArrayList.forEach(Unknown Source)
	at org.testng.TestRunner.privateRun(TestRunner.java:770)
	at org.testng.TestRunner.run(TestRunner.java:591)
	at org.testng.SuiteRunner.runTest(SuiteRunner.java:402)
	at org.testng.SuiteRunner.runSequentially(SuiteRunner.java:396)
	at org.testng.SuiteRunner.privateRun(SuiteRunner.java:355)
	at org.testng.SuiteRunner.run(SuiteRunner.java:304)
	at org.testng.SuiteRunnerWorker.runSuite(SuiteRunnerWorker.java:53)
	at org.testng.SuiteRunnerWorker.run(SuiteRunnerWorker.java:96)
	at org.testng.TestNG.runSuitesSequentially(TestNG.java:1180)
	at org.testng.TestNG.runSuitesLocally(TestNG.java:1102)
	at org.testng.TestNG.runSuites(TestNG.java:1032)
	at org.testng.TestNG.run(TestNG.java:1000)
	at org.testng.remote.AbstractRemoteTestNG.run(AbstractRemoteTestNG.java:115)
	at org.testng.remote.RemoteTestNG.initAndRun(RemoteTestNG.java:251)
	at org.testng.remote.RemoteTestNG.main(RemoteTestNG.java:77)
</textarea>
										</td>
									</tr>
									<tr>
										<td>Dec 19, 2019 02:32:24 PM</td>
										<td class='linked' test-id='22'>tc12_signupWithoutEmail()</td>
										<td>
											<textarea disabled class="code-block">org.openqa.selenium.NoSuchElementException: An element could not be located on the page using the given search parameters.
For documentation on this error, please visit: https://www.seleniumhq.org/exceptions/no_such_element.html
Build info: version: '3.141.59', revision: 'e82be7d358', time: '2018-11-14T08:17:03'
System info: host: 'BLU-LP-00004', ip: '192.168.0.124', os.name: 'Windows 10', os.arch: 'amd64', os.version: '10.0', java.version: '1.8.0_221'
Driver info: io.appium.java_client.android.AndroidDriver
Capabilities {appActivity: sg.com.blu.android.features..., appPackage: sg.com.blu.android, databaseEnabled: false, desired: {appActivity: sg.com.blu.android.features..., appPackage: sg.com.blu.android, deviceName: Galaxy S8+, platformName: android, platformVersion: 8.0.0, resetKeyboard: true, udid: ce031713d5fad93001, unicodeKeyboard: true}, deviceManufacturer: samsung, deviceModel: SM-G955F, deviceName: ce031713d5fad93001, deviceScreenSize: 1440x2960, deviceUDID: ce031713d5fad93001, javascriptEnabled: true, locationContextEnabled: false, networkConnectionEnabled: true, platform: LINUX, platformName: Android, platformVersion: 8.0.0, resetKeyboard: true, takesScreenshot: true, udid: ce031713d5fad93001, unicodeKeyboard: true, warnings: {}, webStorageEnabled: false}
Session ID: ba17d960-293c-4a64-a501-48dd08018327
*** Element info: {Using=id, value=sg.com.blu.android:id/error_tv}
	at sun.reflect.NativeConstructorAccessorImpl.newInstance0(Native Method)
	at sun.reflect.NativeConstructorAccessorImpl.newInstance(Unknown Source)
	at sun.reflect.DelegatingConstructorAccessorImpl.newInstance(Unknown Source)
	at java.lang.reflect.Constructor.newInstance(Unknown Source)
	at org.openqa.selenium.remote.http.W3CHttpResponseCodec.createException(W3CHttpResponseCodec.java:187)
	at org.openqa.selenium.remote.http.W3CHttpResponseCodec.decode(W3CHttpResponseCodec.java:122)
	at org.openqa.selenium.remote.http.W3CHttpResponseCodec.decode(W3CHttpResponseCodec.java:49)
	at org.openqa.selenium.remote.HttpCommandExecutor.execute(HttpCommandExecutor.java:158)
	at io.appium.java_client.remote.AppiumCommandExecutor.execute(AppiumCommandExecutor.java:239)
	at org.openqa.selenium.remote.RemoteWebDriver.execute(RemoteWebDriver.java:552)
	at io.appium.java_client.DefaultGenericMobileDriver.execute(DefaultGenericMobileDriver.java:41)
	at io.appium.java_client.AppiumDriver.execute(AppiumDriver.java:1)
	at io.appium.java_client.android.AndroidDriver.execute(AndroidDriver.java:1)
	at org.openqa.selenium.remote.RemoteWebDriver.findElement(RemoteWebDriver.java:323)
	at io.appium.java_client.DefaultGenericMobileDriver.findElement(DefaultGenericMobileDriver.java:61)
	at io.appium.java_client.AppiumDriver.findElement(AppiumDriver.java:1)
	at io.appium.java_client.android.AndroidDriver.findElement(AndroidDriver.java:1)
	at org.openqa.selenium.remote.RemoteWebDriver.findElementById(RemoteWebDriver.java:372)
	at io.appium.java_client.DefaultGenericMobileDriver.findElementById(DefaultGenericMobileDriver.java:69)
	at io.appium.java_client.AppiumDriver.findElementById(AppiumDriver.java:1)
	at io.appium.java_client.android.AndroidDriver.findElementById(AndroidDriver.java:1)
	at org.openqa.selenium.By$ById.findElement(By.java:188)
	at org.openqa.selenium.remote.RemoteWebDriver.findElement(RemoteWebDriver.java:315)
	at io.appium.java_client.DefaultGenericMobileDriver.findElement(DefaultGenericMobileDriver.java:57)
	at io.appium.java_client.AppiumDriver.findElement(AppiumDriver.java:1)
	at io.appium.java_client.android.AndroidDriver.findElement(AndroidDriver.java:1)
	at bluAndroid.bluAndroid.TestScripts.BluSignUpTestRunner.tc12_signupWithoutEmail(BluSignUpTestRunner.java:320)
	at sun.reflect.NativeMethodAccessorImpl.invoke0(Native Method)
	at sun.reflect.NativeMethodAccessorImpl.invoke(Unknown Source)
	at sun.reflect.DelegatingMethodAccessorImpl.invoke(Unknown Source)
	at java.lang.reflect.Method.invoke(Unknown Source)
	at org.testng.internal.MethodInvocationHelper.invokeMethod(MethodInvocationHelper.java:133)
	at org.testng.internal.TestInvoker.invokeMethod(TestInvoker.java:584)
	at org.testng.internal.TestInvoker.invokeTestMethod(TestInvoker.java:172)
	at org.testng.internal.MethodRunner.runInSequence(MethodRunner.java:46)
	at org.testng.internal.TestInvoker$MethodInvocationAgent.invoke(TestInvoker.java:804)
	at org.testng.internal.TestInvoker.invokeTestMethods(TestInvoker.java:145)
	at org.testng.internal.TestMethodWorker.invokeTestMethods(TestMethodWorker.java:146)
	at org.testng.internal.TestMethodWorker.run(TestMethodWorker.java:128)
	at java.util.ArrayList.forEach(Unknown Source)
	at org.testng.TestRunner.privateRun(TestRunner.java:770)
	at org.testng.TestRunner.run(TestRunner.java:591)
	at org.testng.SuiteRunner.runTest(SuiteRunner.java:402)
	at org.testng.SuiteRunner.runSequentially(SuiteRunner.java:396)
	at org.testng.SuiteRunner.privateRun(SuiteRunner.java:355)
	at org.testng.SuiteRunner.run(SuiteRunner.java:304)
	at org.testng.SuiteRunnerWorker.runSuite(SuiteRunnerWorker.java:53)
	at org.testng.SuiteRunnerWorker.run(SuiteRunnerWorker.java:96)
	at org.testng.TestNG.runSuitesSequentially(TestNG.java:1180)
	at org.testng.TestNG.runSuitesLocally(TestNG.java:1102)
	at org.testng.TestNG.runSuites(TestNG.java:1032)
	at org.testng.TestNG.run(TestNG.java:1000)
	at org.testng.remote.AbstractRemoteTestNG.run(AbstractRemoteTestNG.java:115)
	at org.testng.remote.RemoteTestNG.initAndRun(RemoteTestNG.java:251)
	at org.testng.remote.RemoteTestNG.main(RemoteTestNG.java:77)
</textarea>
										</td>
									</tr>
									<tr>
										<td>Dec 19, 2019 02:36:24 PM</td>
										<td class='linked' test-id='24'>tc14_signupWithoutConfirmingPass</td>
										<td>
											<textarea disabled class="code-block">org.openqa.selenium.NoSuchElementException: An element could not be located on the page using the given search parameters.
For documentation on this error, please visit: https://www.seleniumhq.org/exceptions/no_such_element.html
Build info: version: '3.141.59', revision: 'e82be7d358', time: '2018-11-14T08:17:03'
System info: host: 'BLU-LP-00004', ip: '192.168.0.124', os.name: 'Windows 10', os.arch: 'amd64', os.version: '10.0', java.version: '1.8.0_221'
Driver info: io.appium.java_client.android.AndroidDriver
Capabilities {appActivity: sg.com.blu.android.features..., appPackage: sg.com.blu.android, databaseEnabled: false, desired: {appActivity: sg.com.blu.android.features..., appPackage: sg.com.blu.android, deviceName: Galaxy S8+, platformName: android, platformVersion: 8.0.0, resetKeyboard: true, udid: ce031713d5fad93001, unicodeKeyboard: true}, deviceManufacturer: samsung, deviceModel: SM-G955F, deviceName: ce031713d5fad93001, deviceScreenSize: 1440x2960, deviceUDID: ce031713d5fad93001, javascriptEnabled: true, locationContextEnabled: false, networkConnectionEnabled: true, platform: LINUX, platformName: Android, platformVersion: 8.0.0, resetKeyboard: true, takesScreenshot: true, udid: ce031713d5fad93001, unicodeKeyboard: true, warnings: {}, webStorageEnabled: false}
Session ID: bff0dbd0-60c0-4091-a6b6-7216b84899df
*** Element info: {Using=xpath, value=//android.widget.LinearLayout[@resource-id ='sg.com.blu.android:id/confirm_password_inputField']//android.widget.TextView[@resource-id ='sg.com.blu.android:id/error_tv']}
	at sun.reflect.NativeConstructorAccessorImpl.newInstance0(Native Method)
	at sun.reflect.NativeConstructorAccessorImpl.newInstance(Unknown Source)
	at sun.reflect.DelegatingConstructorAccessorImpl.newInstance(Unknown Source)
	at java.lang.reflect.Constructor.newInstance(Unknown Source)
	at org.openqa.selenium.remote.http.W3CHttpResponseCodec.createException(W3CHttpResponseCodec.java:187)
	at org.openqa.selenium.remote.http.W3CHttpResponseCodec.decode(W3CHttpResponseCodec.java:122)
	at org.openqa.selenium.remote.http.W3CHttpResponseCodec.decode(W3CHttpResponseCodec.java:49)
	at org.openqa.selenium.remote.HttpCommandExecutor.execute(HttpCommandExecutor.java:158)
	at io.appium.java_client.remote.AppiumCommandExecutor.execute(AppiumCommandExecutor.java:239)
	at org.openqa.selenium.remote.RemoteWebDriver.execute(RemoteWebDriver.java:552)
	at io.appium.java_client.DefaultGenericMobileDriver.execute(DefaultGenericMobileDriver.java:41)
	at io.appium.java_client.AppiumDriver.execute(AppiumDriver.java:1)
	at io.appium.java_client.android.AndroidDriver.execute(AndroidDriver.java:1)
	at org.openqa.selenium.remote.RemoteWebDriver.findElement(RemoteWebDriver.java:323)
	at io.appium.java_client.DefaultGenericMobileDriver.findElement(DefaultGenericMobileDriver.java:61)
	at io.appium.java_client.AppiumDriver.findElement(AppiumDriver.java:1)
	at io.appium.java_client.android.AndroidDriver.findElement(AndroidDriver.java:1)
	at org.openqa.selenium.remote.RemoteWebDriver.findElementByXPath(RemoteWebDriver.java:428)
	at io.appium.java_client.DefaultGenericMobileDriver.findElementByXPath(DefaultGenericMobileDriver.java:151)
	at io.appium.java_client.AppiumDriver.findElementByXPath(AppiumDriver.java:1)
	at io.appium.java_client.android.AndroidDriver.findElementByXPath(AndroidDriver.java:1)
	at org.openqa.selenium.By$ByXPath.findElement(By.java:353)
	at org.openqa.selenium.remote.RemoteWebDriver.findElement(RemoteWebDriver.java:315)
	at io.appium.java_client.DefaultGenericMobileDriver.findElement(DefaultGenericMobileDriver.java:57)
	at io.appium.java_client.AppiumDriver.findElement(AppiumDriver.java:1)
	at io.appium.java_client.android.AndroidDriver.findElement(AndroidDriver.java:1)
	at bluAndroid.bluAndroid.TestScripts.BluSignUpTestRunner.tc14_signupWithoutConfirmingPass(BluSignUpTestRunner.java:366)
	at sun.reflect.NativeMethodAccessorImpl.invoke0(Native Method)
	at sun.reflect.NativeMethodAccessorImpl.invoke(Unknown Source)
	at sun.reflect.DelegatingMethodAccessorImpl.invoke(Unknown Source)
	at java.lang.reflect.Method.invoke(Unknown Source)
	at org.testng.internal.MethodInvocationHelper.invokeMethod(MethodInvocationHelper.java:133)
	at org.testng.internal.TestInvoker.invokeMethod(TestInvoker.java:584)
	at org.testng.internal.TestInvoker.invokeTestMethod(TestInvoker.java:172)
	at org.testng.internal.MethodRunner.runInSequence(MethodRunner.java:46)
	at org.testng.internal.TestInvoker$MethodInvocationAgent.invoke(TestInvoker.java:804)
	at org.testng.internal.TestInvoker.invokeTestMethods(TestInvoker.java:145)
	at org.testng.internal.TestMethodWorker.invokeTestMethods(TestMethodWorker.java:146)
	at org.testng.internal.TestMethodWorker.run(TestMethodWorker.java:128)
	at java.util.ArrayList.forEach(Unknown Source)
	at org.testng.TestRunner.privateRun(TestRunner.java:770)
	at org.testng.TestRunner.run(TestRunner.java:591)
	at org.testng.SuiteRunner.runTest(SuiteRunner.java:402)
	at org.testng.SuiteRunner.runSequentially(SuiteRunner.java:396)
	at org.testng.SuiteRunner.privateRun(SuiteRunner.java:355)
	at org.testng.SuiteRunner.run(SuiteRunner.java:304)
	at org.testng.SuiteRunnerWorker.runSuite(SuiteRunnerWorker.java:53)
	at org.testng.SuiteRunnerWorker.run(SuiteRunnerWorker.java:96)
	at org.testng.TestNG.runSuitesSequentially(TestNG.java:1180)
	at org.testng.TestNG.runSuitesLocally(TestNG.java:1102)
	at org.testng.TestNG.runSuites(TestNG.java:1032)
	at org.testng.TestNG.run(TestNG.java:1000)
	at org.testng.remote.AbstractRemoteTestNG.run(AbstractRemoteTestNG.java:115)
	at org.testng.remote.RemoteTestNG.initAndRun(RemoteTestNG.java:251)
	at org.testng.remote.RemoteTestNG.main(RemoteTestNG.java:77)
</textarea>
										</td>
									</tr>
									<tr>
										<td>Dec 19, 2019 02:40:28 PM</td>
										<td class='linked' test-id='26'>tc16_signupWithoutMobileNumber()</td>
										<td>
											<textarea disabled class="code-block">org.openqa.selenium.NoSuchElementException: An element could not be located on the page using the given search parameters.
For documentation on this error, please visit: https://www.seleniumhq.org/exceptions/no_such_element.html
Build info: version: '3.141.59', revision: 'e82be7d358', time: '2018-11-14T08:17:03'
System info: host: 'BLU-LP-00004', ip: '192.168.0.124', os.name: 'Windows 10', os.arch: 'amd64', os.version: '10.0', java.version: '1.8.0_221'
Driver info: io.appium.java_client.android.AndroidDriver
Capabilities {appActivity: sg.com.blu.android.features..., appPackage: sg.com.blu.android, databaseEnabled: false, desired: {appActivity: sg.com.blu.android.features..., appPackage: sg.com.blu.android, deviceName: Galaxy S8+, platformName: android, platformVersion: 8.0.0, resetKeyboard: true, udid: ce031713d5fad93001, unicodeKeyboard: true}, deviceManufacturer: samsung, deviceModel: SM-G955F, deviceName: ce031713d5fad93001, deviceScreenSize: 1440x2960, deviceUDID: ce031713d5fad93001, javascriptEnabled: true, locationContextEnabled: false, networkConnectionEnabled: true, platform: LINUX, platformName: Android, platformVersion: 8.0.0, resetKeyboard: true, takesScreenshot: true, udid: ce031713d5fad93001, unicodeKeyboard: true, warnings: {}, webStorageEnabled: false}
Session ID: 09989f59-5ba6-480e-8bb4-2750309d1ba7
*** Element info: {Using=xpath, value=//android.widget.LinearLayout[@resource-id ='sg.com.blu.android:id/mobile_number_inputField']//android.widget.TextView[@resource-id ='sg.com.blu.android:id/error_tv']}
	at sun.reflect.NativeConstructorAccessorImpl.newInstance0(Native Method)
	at sun.reflect.NativeConstructorAccessorImpl.newInstance(Unknown Source)
	at sun.reflect.DelegatingConstructorAccessorImpl.newInstance(Unknown Source)
	at java.lang.reflect.Constructor.newInstance(Unknown Source)
	at org.openqa.selenium.remote.http.W3CHttpResponseCodec.createException(W3CHttpResponseCodec.java:187)
	at org.openqa.selenium.remote.http.W3CHttpResponseCodec.decode(W3CHttpResponseCodec.java:122)
	at org.openqa.selenium.remote.http.W3CHttpResponseCodec.decode(W3CHttpResponseCodec.java:49)
	at org.openqa.selenium.remote.HttpCommandExecutor.execute(HttpCommandExecutor.java:158)
	at io.appium.java_client.remote.AppiumCommandExecutor.execute(AppiumCommandExecutor.java:239)
	at org.openqa.selenium.remote.RemoteWebDriver.execute(RemoteWebDriver.java:552)
	at io.appium.java_client.DefaultGenericMobileDriver.execute(DefaultGenericMobileDriver.java:41)
	at io.appium.java_client.AppiumDriver.execute(AppiumDriver.java:1)
	at io.appium.java_client.android.AndroidDriver.execute(AndroidDriver.java:1)
	at org.openqa.selenium.remote.RemoteWebDriver.findElement(RemoteWebDriver.java:323)
	at io.appium.java_client.DefaultGenericMobileDriver.findElement(DefaultGenericMobileDriver.java:61)
	at io.appium.java_client.AppiumDriver.findElement(AppiumDriver.java:1)
	at io.appium.java_client.android.AndroidDriver.findElement(AndroidDriver.java:1)
	at org.openqa.selenium.remote.RemoteWebDriver.findElementByXPath(RemoteWebDriver.java:428)
	at io.appium.java_client.DefaultGenericMobileDriver.findElementByXPath(DefaultGenericMobileDriver.java:151)
	at io.appium.java_client.AppiumDriver.findElementByXPath(AppiumDriver.java:1)
	at io.appium.java_client.android.AndroidDriver.findElementByXPath(AndroidDriver.java:1)
	at org.openqa.selenium.By$ByXPath.findElement(By.java:353)
	at org.openqa.selenium.remote.RemoteWebDriver.findElement(RemoteWebDriver.java:315)
	at io.appium.java_client.DefaultGenericMobileDriver.findElement(DefaultGenericMobileDriver.java:57)
	at io.appium.java_client.AppiumDriver.findElement(AppiumDriver.java:1)
	at io.appium.java_client.android.AndroidDriver.findElement(AndroidDriver.java:1)
	at bluAndroid.bluAndroid.TestScripts.BluSignUpTestRunner.tc16_signupWithoutMobileNumber(BluSignUpTestRunner.java:408)
	at sun.reflect.NativeMethodAccessorImpl.invoke0(Native Method)
	at sun.reflect.NativeMethodAccessorImpl.invoke(Unknown Source)
	at sun.reflect.DelegatingMethodAccessorImpl.invoke(Unknown Source)
	at java.lang.reflect.Method.invoke(Unknown Source)
	at org.testng.internal.MethodInvocationHelper.invokeMethod(MethodInvocationHelper.java:133)
	at org.testng.internal.TestInvoker.invokeMethod(TestInvoker.java:584)
	at org.testng.internal.TestInvoker.invokeTestMethod(TestInvoker.java:172)
	at org.testng.internal.MethodRunner.runInSequence(MethodRunner.java:46)
	at org.testng.internal.TestInvoker$MethodInvocationAgent.invoke(TestInvoker.java:804)
	at org.testng.internal.TestInvoker.invokeTestMethods(TestInvoker.java:145)
	at org.testng.internal.TestMethodWorker.invokeTestMethods(TestMethodWorker.java:146)
	at org.testng.internal.TestMethodWorker.run(TestMethodWorker.java:128)
	at java.util.ArrayList.forEach(Unknown Source)
	at org.testng.TestRunner.privateRun(TestRunner.java:770)
	at org.testng.TestRunner.run(TestRunner.java:591)
	at org.testng.SuiteRunner.runTest(SuiteRunner.java:402)
	at org.testng.SuiteRunner.runSequentially(SuiteRunner.java:396)
	at org.testng.SuiteRunner.privateRun(SuiteRunner.java:355)
	at org.testng.SuiteRunner.run(SuiteRunner.java:304)
	at org.testng.SuiteRunnerWorker.runSuite(SuiteRunnerWorker.java:53)
	at org.testng.SuiteRunnerWorker.run(SuiteRunnerWorker.java:96)
	at org.testng.TestNG.runSuitesSequentially(TestNG.java:1180)
	at org.testng.TestNG.runSuitesLocally(TestNG.java:1102)
	at org.testng.TestNG.runSuites(TestNG.java:1032)
	at org.testng.TestNG.run(TestNG.java:1000)
	at org.testng.remote.AbstractRemoteTestNG.run(AbstractRemoteTestNG.java:115)
	at org.testng.remote.RemoteTestNG.initAndRun(RemoteTestNG.java:251)
	at org.testng.remote.RemoteTestNG.main(RemoteTestNG.java:77)
</textarea>
										</td>
									</tr>
									<tr>
										<td>Dec 19, 2019 02:44:49 PM</td>
										<td class='linked' test-id='28'>tc10_signupInvalidMobile()</td>
										<td>
											<textarea disabled class="code-block">org.openqa.selenium.NoSuchElementException: An element could not be located on the page using the given search parameters.
For documentation on this error, please visit: https://www.seleniumhq.org/exceptions/no_such_element.html
Build info: version: '3.141.59', revision: 'e82be7d358', time: '2018-11-14T08:17:03'
System info: host: 'BLU-LP-00004', ip: '192.168.0.124', os.name: 'Windows 10', os.arch: 'amd64', os.version: '10.0', java.version: '1.8.0_221'
Driver info: io.appium.java_client.android.AndroidDriver
Capabilities {appActivity: sg.com.blu.android.features..., appPackage: sg.com.blu.android, databaseEnabled: false, desired: {appActivity: sg.com.blu.android.features..., appPackage: sg.com.blu.android, deviceName: Galaxy S8+, platformName: android, platformVersion: 8.0.0, resetKeyboard: true, udid: ce031713d5fad93001, unicodeKeyboard: true}, deviceManufacturer: samsung, deviceModel: SM-G955F, deviceName: ce031713d5fad93001, deviceScreenSize: 1440x2960, deviceUDID: ce031713d5fad93001, javascriptEnabled: true, locationContextEnabled: false, networkConnectionEnabled: true, platform: LINUX, platformName: Android, platformVersion: 8.0.0, resetKeyboard: true, takesScreenshot: true, udid: ce031713d5fad93001, unicodeKeyboard: true, warnings: {}, webStorageEnabled: false}
Session ID: 8736f7d5-8de1-41da-92cb-2a294ba9bee9
*** Element info: {Using=xpath, value=//android.widget.LinearLayout[@resource-id ='sg.com.blu.android:id/mobile_number_inputField']//android.widget.TextView[@resource-id ='sg.com.blu.android:id/error_tv']}
	at sun.reflect.NativeConstructorAccessorImpl.newInstance0(Native Method)
	at sun.reflect.NativeConstructorAccessorImpl.newInstance(Unknown Source)
	at sun.reflect.DelegatingConstructorAccessorImpl.newInstance(Unknown Source)
	at java.lang.reflect.Constructor.newInstance(Unknown Source)
	at org.openqa.selenium.remote.http.W3CHttpResponseCodec.createException(W3CHttpResponseCodec.java:187)
	at org.openqa.selenium.remote.http.W3CHttpResponseCodec.decode(W3CHttpResponseCodec.java:122)
	at org.openqa.selenium.remote.http.W3CHttpResponseCodec.decode(W3CHttpResponseCodec.java:49)
	at org.openqa.selenium.remote.HttpCommandExecutor.execute(HttpCommandExecutor.java:158)
	at io.appium.java_client.remote.AppiumCommandExecutor.execute(AppiumCommandExecutor.java:239)
	at org.openqa.selenium.remote.RemoteWebDriver.execute(RemoteWebDriver.java:552)
	at io.appium.java_client.DefaultGenericMobileDriver.execute(DefaultGenericMobileDriver.java:41)
	at io.appium.java_client.AppiumDriver.execute(AppiumDriver.java:1)
	at io.appium.java_client.android.AndroidDriver.execute(AndroidDriver.java:1)
	at org.openqa.selenium.remote.RemoteWebDriver.findElement(RemoteWebDriver.java:323)
	at io.appium.java_client.DefaultGenericMobileDriver.findElement(DefaultGenericMobileDriver.java:61)
	at io.appium.java_client.AppiumDriver.findElement(AppiumDriver.java:1)
	at io.appium.java_client.android.AndroidDriver.findElement(AndroidDriver.java:1)
	at org.openqa.selenium.remote.RemoteWebDriver.findElementByXPath(RemoteWebDriver.java:428)
	at io.appium.java_client.DefaultGenericMobileDriver.findElementByXPath(DefaultGenericMobileDriver.java:151)
	at io.appium.java_client.AppiumDriver.findElementByXPath(AppiumDriver.java:1)
	at io.appium.java_client.android.AndroidDriver.findElementByXPath(AndroidDriver.java:1)
	at org.openqa.selenium.By$ByXPath.findElement(By.java:353)
	at org.openqa.selenium.remote.RemoteWebDriver.findElement(RemoteWebDriver.java:315)
	at io.appium.java_client.DefaultGenericMobileDriver.findElement(DefaultGenericMobileDriver.java:57)
	at io.appium.java_client.AppiumDriver.findElement(AppiumDriver.java:1)
	at io.appium.java_client.android.AndroidDriver.findElement(AndroidDriver.java:1)
	at bluAndroid.bluAndroid.TestScripts.BluSignUpTestRunner.tc18_signupRegisteredMobile(BluSignUpTestRunner.java:273)
	at sun.reflect.NativeMethodAccessorImpl.invoke0(Native Method)
	at sun.reflect.NativeMethodAccessorImpl.invoke(Unknown Source)
	at sun.reflect.DelegatingMethodAccessorImpl.invoke(Unknown Source)
	at java.lang.reflect.Method.invoke(Unknown Source)
	at org.testng.internal.MethodInvocationHelper.invokeMethod(MethodInvocationHelper.java:133)
	at org.testng.internal.TestInvoker.invokeMethod(TestInvoker.java:584)
	at org.testng.internal.TestInvoker.invokeTestMethod(TestInvoker.java:172)
	at org.testng.internal.MethodRunner.runInSequence(MethodRunner.java:46)
	at org.testng.internal.TestInvoker$MethodInvocationAgent.invoke(TestInvoker.java:804)
	at org.testng.internal.TestInvoker.invokeTestMethods(TestInvoker.java:145)
	at org.testng.internal.TestMethodWorker.invokeTestMethods(TestMethodWorker.java:146)
	at org.testng.internal.TestMethodWorker.run(TestMethodWorker.java:128)
	at java.util.ArrayList.forEach(Unknown Source)
	at org.testng.TestRunner.privateRun(TestRunner.java:770)
	at org.testng.TestRunner.run(TestRunner.java:591)
	at org.testng.SuiteRunner.runTest(SuiteRunner.java:402)
	at org.testng.SuiteRunner.runSequentially(SuiteRunner.java:396)
	at org.testng.SuiteRunner.privateRun(SuiteRunner.java:355)
	at org.testng.SuiteRunner.run(SuiteRunner.java:304)
	at org.testng.SuiteRunnerWorker.runSuite(SuiteRunnerWorker.java:53)
	at org.testng.SuiteRunnerWorker.run(SuiteRunnerWorker.java:96)
	at org.testng.TestNG.runSuitesSequentially(TestNG.java:1180)
	at org.testng.TestNG.runSuitesLocally(TestNG.java:1102)
	at org.testng.TestNG.runSuites(TestNG.java:1032)
	at org.testng.TestNG.run(TestNG.java:1000)
	at org.testng.remote.AbstractRemoteTestNG.run(AbstractRemoteTestNG.java:115)
	at org.testng.remote.RemoteTestNG.initAndRun(RemoteTestNG.java:251)
	at org.testng.remote.RemoteTestNG.main(RemoteTestNG.java:77)
</textarea>
										</td>
									</tr>
								</tbody>
							</table>
						</div>
					</div>
				</li>
				<li class='exception displayed active'>
					<div class='exception-heading'>
						<span class='exception-name'>java.lang.IllegalArgumentException</span>
						<span class='exception-count right'><span class='label red lighten-1 white-text'>1</span></span>
					</div>
					<div class='exception-content hide'>
						<div class='exception-tests'>
							<table class='bordered table-results'>
								<thead>
									<tr>
										<th>Timestamp</th>
										<th>TestName</th>
										<th>Status</th>
									</tr>
								</thead>
								<tbody>
									<tr>
										<td>Dec 19, 2019 02:20:42 PM</td>
										<td class='linked' test-id='16'>tc06_signupInvalidEmail()</td>
										<td>
											<textarea disabled class="code-block">java.lang.IllegalArgumentException: Keys to send should be a not null CharSequence
	at org.openqa.selenium.remote.RemoteWebElement.sendKeys(RemoteWebElement.java:97)
	at bluAndroid.bluAndroid.TestScripts.BluSignUpTestRunner.tc06_signupInvalidEmail(BluSignUpTestRunner.java:126)
	at sun.reflect.NativeMethodAccessorImpl.invoke0(Native Method)
	at sun.reflect.NativeMethodAccessorImpl.invoke(Unknown Source)
	at sun.reflect.DelegatingMethodAccessorImpl.invoke(Unknown Source)
	at java.lang.reflect.Method.invoke(Unknown Source)
	at org.testng.internal.MethodInvocationHelper.invokeMethod(MethodInvocationHelper.java:133)
	at org.testng.internal.TestInvoker.invokeMethod(TestInvoker.java:584)
	at org.testng.internal.TestInvoker.invokeTestMethod(TestInvoker.java:172)
	at org.testng.internal.MethodRunner.runInSequence(MethodRunner.java:46)
	at org.testng.internal.TestInvoker$MethodInvocationAgent.invoke(TestInvoker.java:804)
	at org.testng.internal.TestInvoker.invokeTestMethods(TestInvoker.java:145)
	at org.testng.internal.TestMethodWorker.invokeTestMethods(TestMethodWorker.java:146)
	at org.testng.internal.TestMethodWorker.run(TestMethodWorker.java:128)
	at java.util.ArrayList.forEach(Unknown Source)
	at org.testng.TestRunner.privateRun(TestRunner.java:770)
	at org.testng.TestRunner.run(TestRunner.java:591)
	at org.testng.SuiteRunner.runTest(SuiteRunner.java:402)
	at org.testng.SuiteRunner.runSequentially(SuiteRunner.java:396)
	at org.testng.SuiteRunner.privateRun(SuiteRunner.java:355)
	at org.testng.SuiteRunner.run(SuiteRunner.java:304)
	at org.testng.SuiteRunnerWorker.runSuite(SuiteRunnerWorker.java:53)
	at org.testng.SuiteRunnerWorker.run(SuiteRunnerWorker.java:96)
	at org.testng.TestNG.runSuitesSequentially(TestNG.java:1180)
	at org.testng.TestNG.runSuitesLocally(TestNG.java:1102)
	at org.testng.TestNG.runSuites(TestNG.java:1032)
	at org.testng.TestNG.run(TestNG.java:1000)
	at org.testng.remote.AbstractRemoteTestNG.run(AbstractRemoteTestNG.java:115)
	at org.testng.remote.RemoteTestNG.initAndRun(RemoteTestNG.java:251)
	at org.testng.remote.RemoteTestNG.main(RemoteTestNG.java:77)
</textarea>
										</td>
									</tr>
								</tbody>
							</table>
						</div>
					</div>
				</li>
			</ul>
		</div>
	</div>
	<div class='subview-right left'>
		<div class='view-summary'>
			<h5 class='exception-name'></h5>
		</div>
	</div>
</div>
<!-- exception view --><div id='dashboard-view' class='view hide'>
	<div class='card-panel transparent np-v'>
		<h5>Dashboard</h5>

		<div class='row'>
			<div class='col s2'>
				<div class='card-panel r'>
					Tests
					<div class='panel-lead'>28</div>
				</div>
			</div>
			<div class='col s2'>
				<div class='card-panel r'>
					Steps
					<div class='panel-lead'>0</div>
				</div>
			</div>
			<div class='col s2'>
				<div class='card-panel r'>
					Start
					<div class='panel-lead'>Dec 19, 2019 01:59:05 PM</div>
				</div>
			</div>
			<div class='col s2'>
				<div class='card-panel r'>
			 		End
			 		<div class='panel-lead'>Dec 19, 2019 02:47:11 PM</div>
				</div>
			</div>
			<div class='col s2'>
				<div class='card-panel r'>
					Time Taken
					<div class='panel-lead'>0h 48m 5s+997ms</div>
				</div>
			</div>
			<div class='col s4'>
				<div class='card-panel dashboard-environment'>
					<span class='right label cyan white-text'>Environment</span><p>&nbsp;</p>
					
					<table>
						<tr>
							<th>Name</th>
							<th>Value</th>
						</tr>
							<tr>
								<td>Host Name</td>
								<td>Urvashi PC</td>
							</tr>
							<tr>
								<td>Username</td>
								<td>Urvashi</td>
							</tr>
							<tr>
								<td>Environment</td>
								<td>QA</td>
							</tr>
					</table>
				</div>
			</div>
		</div>
	</div>
</div>
<!-- dashboard view -->
<!-- testrunner-logs view -->		</div>
		<!-- container -->
		<script>
			var statusGroup = {
                parentCount: 28,
				passParent: 19,
				failParent: 9,
				fatalParent: 0,
				errorParent: 0,
				warningParent: 0,
				skipParent: 0,
				exceptionsParent: 9,
				childCount: 0,
				passChild: 0,
				failChild: 0,
				fatalChild: 0,
				errorChild: 0,
				warningChild: 0,
				skipChild: 0,
				infoChild: 0,
				debugChild: 0,
				exceptionsChild: 0,
				grandChildCount: 0,
				passGrandChild: 0,
				failGrandChild: 0,
				fatalGrandChild: 0,
				errorGrandChild: 0,
				warningGrandChild: 0,
				skipGrandChild: 0,
				infoGrandChild: 0,
				debugGrandChild: 0,
				exceptionsGrandChild: 0,
			};
		</script>
		<script>
			var timeline = {
			        "tc01_validMobileValidPassword":16.864,"tc02_invalidEmailValidPassword":15.923,"tc03_invalidMobileNumberValidPassword":15.564,"tc04_withoutCredentials":3.779,"tc06_notRegisteredMobileNumber":15.405,"tc07_notRegisteredEmail":16.736,"tc08_validEmailPassword":17.727,"tc09_validEmailInvalidPassword":16.647,"tc10_validMobileNumberInvalidPassword":16.302,"tc11_invalidMobileNumberInvalidPassword":16.133,"tc01_signup()":89.973,"tc02_signupWithoutReferralCode()":85.413,"tc03_signupWithoutGenderAndRefferalCode()":81.611,"tc04_signupWithoutDOBGenderAndRefferalCode()":147.581,"tc05_signupManDetails":100.329,"tc06_signupInvalidEmail()":1.957,"tc07_signupInvalidPassword()":40.205,"tc08_signupNonMatchingPassword()":140.17,"tc09_signupInvalidFirstname()":34.429,"tc10_signupInvalidMobile()":140.648,"tc11_signupInvalidRefferalCode()":104.693,"tc12_signupWithoutEmail()":132.177,"tc13_signupWithoutPassword()":29.082,"tc14_signupWithoutConfirmingPass":133.611,"tc15_signupWithoutFirstName()":30.949,"tc16_signupWithoutMobileNumber()":133.071,"tc06_signupInvalidEmail()":37.941,"tc10_signupInvalidMobile()":139.06
			};
		</script>
		<script src='https://cdn.rawgit.com/extent-framework/extent-github-cdn/b65cd69/v3html/js/extent.js' type='text/javascript'></script>
		<script type='text/javascript'>
		</script>
	</body>
</html>